2018-10-16 09:45:16.071  INFO 18340 --- [main] com.fabe2ry.CollectionApplication        : Starting CollectionApplication on X-CDN-XIAOXQ with PID 18340 (D:\collection\sample\target\classes started by xiaoxq in D:\collection)
2018-10-16 09:45:16.256  INFO 18340 --- [main] com.fabe2ry.CollectionApplication        : The following profiles are active: test
2018-10-16 09:45:16.437  INFO 18340 --- [main] ConfigServletWebServerApplicationContext : Refreshing org.springframework.boot.web.servlet.context.AnnotationConfigServletWebServerApplicationContext@302c971f: startup date [Tue Oct 16 09:45:16 CST 2018]; root of context hierarchy
2018-10-16 09:45:18.315  INFO 18340 --- [main] trationDelegate$BeanPostProcessorChecker : Bean 'org.springframework.transaction.annotation.ProxyTransactionManagementConfiguration' of type [org.springframework.transaction.annotation.ProxyTransactionManagementConfiguration$$EnhancerBySpringCGLIB$$55a4dcfc] is not eligible for getting processed by all BeanPostProcessors (for example: not eligible for auto-proxying)
2018-10-16 09:45:19.312  INFO 18340 --- [main] o.s.b.w.embedded.tomcat.TomcatWebServer  : Tomcat initialized with port(s): 8080 (http)
2018-10-16 09:45:19.344  INFO 18340 --- [main] o.apache.catalina.core.StandardService   : Starting service [Tomcat]
2018-10-16 09:45:19.344  INFO 18340 --- [main] org.apache.catalina.core.StandardEngine  : Starting Servlet Engine: Apache Tomcat/8.5.34
2018-10-16 09:45:19.350  INFO 18340 --- [localhost-startStop-1] o.a.catalina.core.AprLifecycleListener   : Loaded APR based Apache Tomcat Native library [1.2.17] using APR version [1.6.3].
2018-10-16 09:45:19.351  INFO 18340 --- [localhost-startStop-1] o.a.catalina.core.AprLifecycleListener   : APR capabilities: IPv6 [true], sendfile [true], accept filters [false], random [true].
2018-10-16 09:45:19.351  INFO 18340 --- [localhost-startStop-1] o.a.catalina.core.AprLifecycleListener   : APR/OpenSSL configuration: useAprConnector [false], useOpenSSL [true]
2018-10-16 09:45:20.482  INFO 18340 --- [localhost-startStop-1] o.a.catalina.core.AprLifecycleListener   : OpenSSL successfully initialized [OpenSSL 1.0.2o  27 Mar 2018]
2018-10-16 09:45:20.641  INFO 18340 --- [localhost-startStop-1] o.a.c.c.C.[Tomcat].[localhost].[/]       : Initializing Spring embedded WebApplicationContext
2018-10-16 09:45:20.642  INFO 18340 --- [localhost-startStop-1] o.s.web.context.ContextLoader            : Root WebApplicationContext: initialization completed in 4205 ms
2018-10-16 09:45:20.807  INFO 18340 --- [localhost-startStop-1] o.s.b.w.servlet.ServletRegistrationBean  : Servlet dispatcherServlet mapped to [/]
2018-10-16 09:45:20.808  INFO 18340 --- [localhost-startStop-1] o.s.b.w.servlet.ServletRegistrationBean  : Servlet webServlet mapped to [/h2-console/*]
2018-10-16 09:45:20.813  INFO 18340 --- [localhost-startStop-1] o.s.b.w.servlet.FilterRegistrationBean   : Mapping filter: 'characterEncodingFilter' to: [/*]
2018-10-16 09:45:20.814  INFO 18340 --- [localhost-startStop-1] o.s.b.w.servlet.FilterRegistrationBean   : Mapping filter: 'hiddenHttpMethodFilter' to: [/*]
2018-10-16 09:45:20.814  INFO 18340 --- [localhost-startStop-1] o.s.b.w.servlet.FilterRegistrationBean   : Mapping filter: 'httpPutFormContentFilter' to: [/*]
2018-10-16 09:45:20.814  INFO 18340 --- [localhost-startStop-1] o.s.b.w.servlet.FilterRegistrationBean   : Mapping filter: 'requestContextFilter' to: [/*]
2018-10-16 09:45:20.967  INFO 18340 --- [main] com.zaxxer.hikari.HikariDataSource       : HikariPool-1 - Starting...
2018-10-16 09:45:21.154  INFO 18340 --- [main] com.zaxxer.hikari.HikariDataSource       : HikariPool-1 - Start completed.
2018-10-16 09:45:21.180  INFO 18340 --- [main] o.s.jdbc.datasource.init.ScriptUtils     : Executing SQL script from class path resource [db/schema.sql]
2018-10-16 09:45:21.253  INFO 18340 --- [main] o.s.jdbc.datasource.init.ScriptUtils     : Executed SQL script from class path resource [db/schema.sql] in 73 ms.
2018-10-16 09:45:21.262  INFO 18340 --- [main] o.s.jdbc.datasource.init.ScriptUtils     : Executing SQL script from class path resource [db/data.sql]
2018-10-16 09:45:21.283  INFO 18340 --- [main] o.s.jdbc.datasource.init.ScriptUtils     : Executed SQL script from class path resource [db/data.sql] in 20 ms.
2018-10-16 09:45:23.094  INFO 18340 --- [main] s.w.s.m.m.a.RequestMappingHandlerMapping : Mapped "{[/api/user/add],methods=[POST]}" onto public com.fabe2ry.model.util.ResultVo com.fabe2ry.controller.UserController.add(javax.servlet.http.HttpServletRequest,javax.servlet.http.HttpServletResponse,java.lang.String,java.lang.String,java.lang.String,int)
2018-10-16 09:45:23.096  INFO 18340 --- [main] s.w.s.m.m.a.RequestMappingHandlerMapping : Mapped "{[/api/user/register],methods=[POST]}" onto public com.fabe2ry.model.util.ResultVo com.fabe2ry.controller.UserController.register(java.lang.String,java.lang.String,java.lang.String)
2018-10-16 09:45:23.097  INFO 18340 --- [main] s.w.s.m.m.a.RequestMappingHandlerMapping : Mapped "{[/api/user/update],methods=[POST]}" onto public com.fabe2ry.model.util.ResultVo com.fabe2ry.controller.UserController.update(javax.servlet.http.HttpServletRequest,javax.servlet.http.HttpServletResponse,java.lang.String,java.lang.String,java.lang.String)
2018-10-16 09:45:23.097  INFO 18340 --- [main] s.w.s.m.m.a.RequestMappingHandlerMapping : Mapped "{[/api/user/delete],methods=[POST]}" onto public com.fabe2ry.model.util.ResultVo com.fabe2ry.controller.UserController.delete(javax.servlet.http.HttpServletRequest,javax.servlet.http.HttpServletResponse,java.lang.String)
2018-10-16 09:45:23.098  INFO 18340 --- [main] s.w.s.m.m.a.RequestMappingHandlerMapping : Mapped "{[/api/user/test],methods=[GET]}" onto public java.lang.String com.fabe2ry.controller.UserController.test() throws java.lang.Throwable
2018-10-16 09:45:23.099  INFO 18340 --- [main] s.w.s.m.m.a.RequestMappingHandlerMapping : Mapped "{[/api/user/importGoodsExcelWithReturn],methods=[POST]}" onto public com.fabe2ry.model.util.ListVo com.fabe2ry.controller.UserController.importGoodsExcelWithReturn(javax.servlet.http.HttpServletRequest,javax.servlet.http.HttpServletResponse)
2018-10-16 09:45:23.099  INFO 18340 --- [main] s.w.s.m.m.a.RequestMappingHandlerMapping : Mapped "{[/api/user/importGoodsExcelWithDirectReturn],methods=[POST]}" onto public com.fabe2ry.model.util.ListVo com.fabe2ry.controller.UserController.importGoodsExcelWithDirectReturn(javax.servlet.http.HttpServletRequest,javax.servlet.http.HttpServletResponse)
2018-10-16 09:45:23.100  INFO 18340 --- [main] s.w.s.m.m.a.RequestMappingHandlerMapping : Mapped "{[/api/user/exportGoodsExcel],methods=[GET]}" onto public void com.fabe2ry.controller.UserController.exportGoodsExcel(javax.servlet.http.HttpServletRequest,javax.servlet.http.HttpServletResponse)
2018-10-16 09:45:23.101  INFO 18340 --- [main] s.w.s.m.m.a.RequestMappingHandlerMapping : Mapped "{[/api/user/imgShow],methods=[GET]}" onto public com.fabe2ry.model.util.ResultVo com.fabe2ry.controller.UserController.imgShow(javax.servlet.http.HttpServletRequest,javax.servlet.http.HttpServletResponse)
2018-10-16 09:45:23.102  INFO 18340 --- [main] s.w.s.m.m.a.RequestMappingHandlerMapping : Mapped "{[/api/user/logout],methods=[GET]}" onto public com.fabe2ry.model.util.ResultVo com.fabe2ry.controller.UserController.logout(javax.servlet.http.HttpServletRequest,javax.servlet.http.HttpServletResponse)
2018-10-16 09:45:23.103  INFO 18340 --- [main] s.w.s.m.m.a.RequestMappingHandlerMapping : Mapped "{[/api/user/getLogs/{pageIndex}/{pageSize}],methods=[GET]}" onto public com.fabe2ry.model.util.ListVo com.fabe2ry.controller.UserController.getAllLog(javax.servlet.http.HttpServletRequest,javax.servlet.http.HttpServletResponse,int,int)
2018-10-16 09:45:23.104  INFO 18340 --- [main] s.w.s.m.m.a.RequestMappingHandlerMapping : Mapped "{[/api/user/getTestExcel],methods=[GET]}" onto public void com.fabe2ry.controller.UserController.getTestExcel(javax.servlet.http.HttpServletRequest,javax.servlet.http.HttpServletResponse)
2018-10-16 09:45:23.104  INFO 18340 --- [main] s.w.s.m.m.a.RequestMappingHandlerMapping : Mapped "{[/api/user/login],methods=[POST]}" onto public com.fabe2ry.model.util.ResultVo com.fabe2ry.controller.UserController.login(javax.servlet.http.HttpServletRequest,javax.servlet.http.HttpServletResponse,java.lang.String,java.lang.String)
2018-10-16 09:45:23.106  INFO 18340 --- [main] s.w.s.m.m.a.RequestMappingHandlerMapping : Mapped "{[/api/user/getGoods/{pageIndex}/{pageSize}],methods=[GET]}" onto public com.fabe2ry.model.util.ListVo com.fabe2ry.controller.UserController.getAllGoods(javax.servlet.http.HttpServletRequest,javax.servlet.http.HttpServletResponse,int,int)
2018-10-16 09:45:23.106  INFO 18340 --- [main] s.w.s.m.m.a.RequestMappingHandlerMapping : Mapped "{[/api/user/imgUplaod],methods=[POST]}" onto public com.fabe2ry.model.util.ResultVo com.fabe2ry.controller.UserController.imgUpload(javax.servlet.http.HttpServletRequest,javax.servlet.http.HttpServletResponse,org.springframework.web.multipart.MultipartFile)
2018-10-16 09:45:23.106  INFO 18340 --- [main] s.w.s.m.m.a.RequestMappingHandlerMapping : Mapped "{[/api/user/imgDownload],methods=[GET]}" onto public com.fabe2ry.model.util.ResultVo com.fabe2ry.controller.UserController.imgDownload(javax.servlet.http.HttpServletRequest,javax.servlet.http.HttpServletResponse)
2018-10-16 09:45:23.109  INFO 18340 --- [main] s.w.s.m.m.a.RequestMappingHandlerMapping : Mapped "{[/api/user/getUsers/{pageIndex}/{pageSize}],methods=[GET]}" onto public com.fabe2ry.model.util.ListVo com.fabe2ry.controller.UserController.getUsers(javax.servlet.http.HttpServletRequest,javax.servlet.http.HttpServletResponse,int,int)
2018-10-16 09:45:23.114  INFO 18340 --- [main] s.w.s.m.m.a.RequestMappingHandlerMapping : Mapped "{[/swagger-resources/configuration/security]}" onto public org.springframework.http.ResponseEntity<springfox.documentation.swagger.web.SecurityConfiguration> springfox.documentation.swagger.web.ApiResourceController.securityConfiguration()
2018-10-16 09:45:23.115  INFO 18340 --- [main] s.w.s.m.m.a.RequestMappingHandlerMapping : Mapped "{[/swagger-resources]}" onto public org.springframework.http.ResponseEntity<java.util.List<springfox.documentation.swagger.web.SwaggerResource>> springfox.documentation.swagger.web.ApiResourceController.swaggerResources()
2018-10-16 09:45:23.116  INFO 18340 --- [main] s.w.s.m.m.a.RequestMappingHandlerMapping : Mapped "{[/swagger-resources/configuration/ui]}" onto public org.springframework.http.ResponseEntity<springfox.documentation.swagger.web.UiConfiguration> springfox.documentation.swagger.web.ApiResourceController.uiConfiguration()
2018-10-16 09:45:23.120  INFO 18340 --- [main] s.w.s.m.m.a.RequestMappingHandlerMapping : Mapped "{[/error]}" onto public org.springframework.http.ResponseEntity<java.util.Map<java.lang.String, java.lang.Object>> org.springframework.boot.autoconfigure.web.servlet.error.BasicErrorController.error(javax.servlet.http.HttpServletRequest)
2018-10-16 09:45:23.121  INFO 18340 --- [main] s.w.s.m.m.a.RequestMappingHandlerMapping : Mapped "{[/error],produces=[text/html]}" onto public org.springframework.web.servlet.ModelAndView org.springframework.boot.autoconfigure.web.servlet.error.BasicErrorController.errorHtml(javax.servlet.http.HttpServletRequest,javax.servlet.http.HttpServletResponse)
2018-10-16 09:45:23.384  INFO 18340 --- [main] pertySourcedRequestMappingHandlerMapping : Mapped URL path [/v2/api-docs] onto method [public org.springframework.http.ResponseEntity<springfox.documentation.spring.web.json.Json> springfox.documentation.swagger2.web.Swagger2Controller.getDocumentation(java.lang.String,javax.servlet.http.HttpServletRequest)]
2018-10-16 09:45:23.502  INFO 18340 --- [main] o.s.w.s.handler.SimpleUrlHandlerMapping  : Mapped URL path [/**/favicon.ico] onto handler of type [class org.springframework.web.servlet.resource.ResourceHttpRequestHandler]
2018-10-16 09:45:23.759  INFO 18340 --- [main] s.w.s.m.m.a.RequestMappingHandlerAdapter : Looking for @ControllerAdvice: org.springframework.boot.web.servlet.context.AnnotationConfigServletWebServerApplicationContext@302c971f: startup date [Tue Oct 16 09:45:16 CST 2018]; root of context hierarchy
2018-10-16 09:45:23.839  INFO 18340 --- [main] o.s.w.s.handler.SimpleUrlHandlerMapping  : Mapped URL path [/webjars/**] onto handler of type [class org.springframework.web.servlet.resource.ResourceHttpRequestHandler]
2018-10-16 09:45:23.839  INFO 18340 --- [main] o.s.w.s.handler.SimpleUrlHandlerMapping  : Mapped URL path [/**] onto handler of type [class org.springframework.web.servlet.resource.ResourceHttpRequestHandler]
2018-10-16 09:45:24.352  INFO 18340 --- [main] o.s.j.e.a.AnnotationMBeanExporter        : Registering beans for JMX exposure on startup
2018-10-16 09:45:24.353  INFO 18340 --- [main] o.s.j.e.a.AnnotationMBeanExporter        : Bean with name 'dataSource' has been autodetected for JMX exposure
2018-10-16 09:45:24.361  INFO 18340 --- [main] o.s.j.e.a.AnnotationMBeanExporter        : Located MBean 'dataSource': registering with JMX server as MBean [com.zaxxer.hikari:name=dataSource,type=HikariDataSource]
2018-10-16 09:45:24.366  INFO 18340 --- [main] o.s.c.support.DefaultLifecycleProcessor  : Starting beans in phase 2147483647
2018-10-16 09:45:24.367  INFO 18340 --- [main] d.s.w.p.DocumentationPluginsBootstrapper : Context refreshed
2018-10-16 09:45:24.392  INFO 18340 --- [main] d.s.w.p.DocumentationPluginsBootstrapper : Found 1 custom documentation plugin(s)
2018-10-16 09:45:24.462  INFO 18340 --- [main] s.d.s.w.s.ApiListingReferenceScanner     : Scanning for api listing references
2018-10-16 09:45:24.753  INFO 18340 --- [main] s.a.ScheduledAnnotationBeanPostProcessor : No TaskScheduler/ScheduledExecutorService bean found for scheduled processing
2018-10-16 09:45:24.762  INFO 18340 --- [pool-2-thread-1] c.f.schedule.DeleteExcelScheduleTask     : start delete excel file
2018-10-16 09:45:24.815  INFO 18340 --- [main] o.s.b.w.embedded.tomcat.TomcatWebServer  : Tomcat started on port(s): 8080 (http) with context path ''
2018-10-16 09:45:24.820  INFO 18340 --- [main] com.fabe2ry.CollectionApplication        : Started CollectionApplication in 10.097 seconds (JVM running for 12.307)
2018-10-16 09:45:50.642  INFO 18340 --- [http-nio-8080-exec-2] o.a.c.c.C.[Tomcat].[localhost].[/]       : Initializing Spring FrameworkServlet 'dispatcherServlet'
2018-10-16 09:45:50.642  INFO 18340 --- [http-nio-8080-exec-2] o.s.web.servlet.DispatcherServlet        : FrameworkServlet 'dispatcherServlet': initialization started
2018-10-16 09:45:50.665  INFO 18340 --- [http-nio-8080-exec-2] o.s.web.servlet.DispatcherServlet        : FrameworkServlet 'dispatcherServlet': initialization completed in 23 ms
2018-10-16 09:46:00.680 ERROR 18340 --- [http-nio-8080-exec-5] o.a.c.c.C.[.[.[/].[dispatcherServlet]    : Servlet.service() for servlet [dispatcherServlet] in context with path [] threw exception [Request processing failed; nested exception is org.springframework.web.multipart.MultipartException: Failed to parse multipart servlet request; nested exception is java.io.IOException: The temporary upload location [C:\Users\xiaoxq\AppData\Local\Temp\tomcat.2404178000458416565.8080\work\Tomcat\localhost\ROOT\classpath:\log] is not valid] with root cause

java.io.IOException: The temporary upload location [C:\Users\xiaoxq\AppData\Local\Temp\tomcat.2404178000458416565.8080\work\Tomcat\localhost\ROOT\classpath:\log] is not valid
	at org.apache.catalina.connector.Request.parseParts(Request.java:2877) ~[tomcat-embed-core-8.5.34.jar:8.5.34]
	at org.apache.catalina.connector.Request.parseParameters(Request.java:3242) ~[tomcat-embed-core-8.5.34.jar:8.5.34]
	at org.apache.catalina.connector.Request.getParameter(Request.java:1136) ~[tomcat-embed-core-8.5.34.jar:8.5.34]
	at org.apache.catalina.connector.RequestFacade.getParameter(RequestFacade.java:381) ~[tomcat-embed-core-8.5.34.jar:8.5.34]
	at org.springframework.web.filter.HiddenHttpMethodFilter.doFilterInternal(HiddenHttpMethodFilter.java:84) ~[spring-web-5.0.9.RELEASE.jar:5.0.9.RELEASE]
	at org.springframework.web.filter.OncePerRequestFilter.doFilter(OncePerRequestFilter.java:107) ~[spring-web-5.0.9.RELEASE.jar:5.0.9.RELEASE]
	at org.apache.catalina.core.ApplicationFilterChain.internalDoFilter(ApplicationFilterChain.java:193) ~[tomcat-embed-core-8.5.34.jar:8.5.34]
	at org.apache.catalina.core.ApplicationFilterChain.doFilter(ApplicationFilterChain.java:166) ~[tomcat-embed-core-8.5.34.jar:8.5.34]
	at org.springframework.web.filter.CharacterEncodingFilter.doFilterInternal(CharacterEncodingFilter.java:200) ~[spring-web-5.0.9.RELEASE.jar:5.0.9.RELEASE]
	at org.springframework.web.filter.OncePerRequestFilter.doFilter(OncePerRequestFilter.java:107) ~[spring-web-5.0.9.RELEASE.jar:5.0.9.RELEASE]
	at org.apache.catalina.core.ApplicationFilterChain.internalDoFilter(ApplicationFilterChain.java:193) ~[tomcat-embed-core-8.5.34.jar:8.5.34]
	at org.apache.catalina.core.ApplicationFilterChain.doFilter(ApplicationFilterChain.java:166) ~[tomcat-embed-core-8.5.34.jar:8.5.34]
	at org.apache.catalina.core.StandardWrapperValve.invoke(StandardWrapperValve.java:198) ~[tomcat-embed-core-8.5.34.jar:8.5.34]
	at org.apache.catalina.core.StandardContextValve.invoke(StandardContextValve.java:96) [tomcat-embed-core-8.5.34.jar:8.5.34]
	at org.apache.catalina.authenticator.AuthenticatorBase.invoke(AuthenticatorBase.java:493) [tomcat-embed-core-8.5.34.jar:8.5.34]
	at org.apache.catalina.core.StandardHostValve.invoke(StandardHostValve.java:140) [tomcat-embed-core-8.5.34.jar:8.5.34]
	at org.apache.catalina.valves.ErrorReportValve.invoke(ErrorReportValve.java:81) [tomcat-embed-core-8.5.34.jar:8.5.34]
	at org.apache.catalina.core.StandardEngineValve.invoke(StandardEngineValve.java:87) [tomcat-embed-core-8.5.34.jar:8.5.34]
	at org.apache.catalina.connector.CoyoteAdapter.service(CoyoteAdapter.java:342) [tomcat-embed-core-8.5.34.jar:8.5.34]
	at org.apache.coyote.http11.Http11Processor.service(Http11Processor.java:800) [tomcat-embed-core-8.5.34.jar:8.5.34]
	at org.apache.coyote.AbstractProcessorLight.process(AbstractProcessorLight.java:66) [tomcat-embed-core-8.5.34.jar:8.5.34]
	at org.apache.coyote.AbstractProtocol$ConnectionHandler.process(AbstractProtocol.java:806) [tomcat-embed-core-8.5.34.jar:8.5.34]
	at org.apache.tomcat.util.net.NioEndpoint$SocketProcessor.doRun(NioEndpoint.java:1498) [tomcat-embed-core-8.5.34.jar:8.5.34]
	at org.apache.tomcat.util.net.SocketProcessorBase.run(SocketProcessorBase.java:49) [tomcat-embed-core-8.5.34.jar:8.5.34]
	at java.util.concurrent.ThreadPoolExecutor.runWorker(ThreadPoolExecutor.java:1149) [na:1.8.0_181]
	at java.util.concurrent.ThreadPoolExecutor$Worker.run(ThreadPoolExecutor.java:624) [na:1.8.0_181]
	at org.apache.tomcat.util.threads.TaskThread$WrappingRunnable.run(TaskThread.java:61) [tomcat-embed-core-8.5.34.jar:8.5.34]
	at java.lang.Thread.run(Thread.java:748) [na:1.8.0_181]

2018-10-16 09:46:38.943 ERROR 18340 --- [http-nio-8080-exec-8] o.a.c.c.C.[.[.[/].[dispatcherServlet]    : Servlet.service() for servlet [dispatcherServlet] in context with path [] threw exception [Request processing failed; nested exception is org.springframework.web.multipart.MultipartException: Failed to parse multipart servlet request; nested exception is java.io.IOException: The temporary upload location [C:\Users\xiaoxq\AppData\Local\Temp\tomcat.2404178000458416565.8080\work\Tomcat\localhost\ROOT\classpath:\log] is not valid] with root cause

java.io.IOException: The temporary upload location [C:\Users\xiaoxq\AppData\Local\Temp\tomcat.2404178000458416565.8080\work\Tomcat\localhost\ROOT\classpath:\log] is not valid
	at org.apache.catalina.connector.Request.parseParts(Request.java:2877) ~[tomcat-embed-core-8.5.34.jar:8.5.34]
	at org.apache.catalina.connector.Request.parseParameters(Request.java:3242) ~[tomcat-embed-core-8.5.34.jar:8.5.34]
	at org.apache.catalina.connector.Request.getParameter(Request.java:1136) ~[tomcat-embed-core-8.5.34.jar:8.5.34]
	at org.apache.catalina.connector.RequestFacade.getParameter(RequestFacade.java:381) ~[tomcat-embed-core-8.5.34.jar:8.5.34]
	at org.springframework.web.filter.HiddenHttpMethodFilter.doFilterInternal(HiddenHttpMethodFilter.java:84) ~[spring-web-5.0.9.RELEASE.jar:5.0.9.RELEASE]
	at org.springframework.web.filter.OncePerRequestFilter.doFilter(OncePerRequestFilter.java:107) ~[spring-web-5.0.9.RELEASE.jar:5.0.9.RELEASE]
	at org.apache.catalina.core.ApplicationFilterChain.internalDoFilter(ApplicationFilterChain.java:193) ~[tomcat-embed-core-8.5.34.jar:8.5.34]
	at org.apache.catalina.core.ApplicationFilterChain.doFilter(ApplicationFilterChain.java:166) ~[tomcat-embed-core-8.5.34.jar:8.5.34]
	at org.springframework.web.filter.CharacterEncodingFilter.doFilterInternal(CharacterEncodingFilter.java:200) ~[spring-web-5.0.9.RELEASE.jar:5.0.9.RELEASE]
	at org.springframework.web.filter.OncePerRequestFilter.doFilter(OncePerRequestFilter.java:107) ~[spring-web-5.0.9.RELEASE.jar:5.0.9.RELEASE]
	at org.apache.catalina.core.ApplicationFilterChain.internalDoFilter(ApplicationFilterChain.java:193) ~[tomcat-embed-core-8.5.34.jar:8.5.34]
	at org.apache.catalina.core.ApplicationFilterChain.doFilter(ApplicationFilterChain.java:166) ~[tomcat-embed-core-8.5.34.jar:8.5.34]
	at org.apache.catalina.core.StandardWrapperValve.invoke(StandardWrapperValve.java:198) ~[tomcat-embed-core-8.5.34.jar:8.5.34]
	at org.apache.catalina.core.StandardContextValve.invoke(StandardContextValve.java:96) [tomcat-embed-core-8.5.34.jar:8.5.34]
	at org.apache.catalina.authenticator.AuthenticatorBase.invoke(AuthenticatorBase.java:493) [tomcat-embed-core-8.5.34.jar:8.5.34]
	at org.apache.catalina.core.StandardHostValve.invoke(StandardHostValve.java:140) [tomcat-embed-core-8.5.34.jar:8.5.34]
	at org.apache.catalina.valves.ErrorReportValve.invoke(ErrorReportValve.java:81) [tomcat-embed-core-8.5.34.jar:8.5.34]
	at org.apache.catalina.core.StandardEngineValve.invoke(StandardEngineValve.java:87) [tomcat-embed-core-8.5.34.jar:8.5.34]
	at org.apache.catalina.connector.CoyoteAdapter.service(CoyoteAdapter.java:342) [tomcat-embed-core-8.5.34.jar:8.5.34]
	at org.apache.coyote.http11.Http11Processor.service(Http11Processor.java:800) [tomcat-embed-core-8.5.34.jar:8.5.34]
	at org.apache.coyote.AbstractProcessorLight.process(AbstractProcessorLight.java:66) [tomcat-embed-core-8.5.34.jar:8.5.34]
	at org.apache.coyote.AbstractProtocol$ConnectionHandler.process(AbstractProtocol.java:806) [tomcat-embed-core-8.5.34.jar:8.5.34]
	at org.apache.tomcat.util.net.NioEndpoint$SocketProcessor.doRun(NioEndpoint.java:1498) [tomcat-embed-core-8.5.34.jar:8.5.34]
	at org.apache.tomcat.util.net.SocketProcessorBase.run(SocketProcessorBase.java:49) [tomcat-embed-core-8.5.34.jar:8.5.34]
	at java.util.concurrent.ThreadPoolExecutor.runWorker(ThreadPoolExecutor.java:1149) [na:1.8.0_181]
	at java.util.concurrent.ThreadPoolExecutor$Worker.run(ThreadPoolExecutor.java:624) [na:1.8.0_181]
	at org.apache.tomcat.util.threads.TaskThread$WrappingRunnable.run(TaskThread.java:61) [tomcat-embed-core-8.5.34.jar:8.5.34]
	at java.lang.Thread.run(Thread.java:748) [na:1.8.0_181]

2018-10-16 09:49:15.662 ERROR 18340 --- [http-nio-8080-exec-4] o.a.c.c.C.[.[.[/].[dispatcherServlet]    : Servlet.service() for servlet [dispatcherServlet] in context with path [] threw exception [Request processing failed; nested exception is org.springframework.web.multipart.MultipartException: Failed to parse multipart servlet request; nested exception is java.io.IOException: The temporary upload location [C:\Users\xiaoxq\AppData\Local\Temp\tomcat.2404178000458416565.8080\work\Tomcat\localhost\ROOT\classpath:\log] is not valid] with root cause

java.io.IOException: The temporary upload location [C:\Users\xiaoxq\AppData\Local\Temp\tomcat.2404178000458416565.8080\work\Tomcat\localhost\ROOT\classpath:\log] is not valid
	at org.apache.catalina.connector.Request.parseParts(Request.java:2877) ~[tomcat-embed-core-8.5.34.jar:8.5.34]
	at org.apache.catalina.connector.Request.parseParameters(Request.java:3242) ~[tomcat-embed-core-8.5.34.jar:8.5.34]
	at org.apache.catalina.connector.Request.getParameter(Request.java:1136) ~[tomcat-embed-core-8.5.34.jar:8.5.34]
	at org.apache.catalina.connector.RequestFacade.getParameter(RequestFacade.java:381) ~[tomcat-embed-core-8.5.34.jar:8.5.34]
	at org.springframework.web.filter.HiddenHttpMethodFilter.doFilterInternal(HiddenHttpMethodFilter.java:84) ~[spring-web-5.0.9.RELEASE.jar:5.0.9.RELEASE]
	at org.springframework.web.filter.OncePerRequestFilter.doFilter(OncePerRequestFilter.java:107) ~[spring-web-5.0.9.RELEASE.jar:5.0.9.RELEASE]
	at org.apache.catalina.core.ApplicationFilterChain.internalDoFilter(ApplicationFilterChain.java:193) ~[tomcat-embed-core-8.5.34.jar:8.5.34]
	at org.apache.catalina.core.ApplicationFilterChain.doFilter(ApplicationFilterChain.java:166) ~[tomcat-embed-core-8.5.34.jar:8.5.34]
	at org.springframework.web.filter.CharacterEncodingFilter.doFilterInternal(CharacterEncodingFilter.java:200) ~[spring-web-5.0.9.RELEASE.jar:5.0.9.RELEASE]
	at org.springframework.web.filter.OncePerRequestFilter.doFilter(OncePerRequestFilter.java:107) ~[spring-web-5.0.9.RELEASE.jar:5.0.9.RELEASE]
	at org.apache.catalina.core.ApplicationFilterChain.internalDoFilter(ApplicationFilterChain.java:193) ~[tomcat-embed-core-8.5.34.jar:8.5.34]
	at org.apache.catalina.core.ApplicationFilterChain.doFilter(ApplicationFilterChain.java:166) ~[tomcat-embed-core-8.5.34.jar:8.5.34]
	at org.apache.catalina.core.StandardWrapperValve.invoke(StandardWrapperValve.java:198) ~[tomcat-embed-core-8.5.34.jar:8.5.34]
	at org.apache.catalina.core.StandardContextValve.invoke(StandardContextValve.java:96) [tomcat-embed-core-8.5.34.jar:8.5.34]
	at org.apache.catalina.authenticator.AuthenticatorBase.invoke(AuthenticatorBase.java:493) [tomcat-embed-core-8.5.34.jar:8.5.34]
	at org.apache.catalina.core.StandardHostValve.invoke(StandardHostValve.java:140) [tomcat-embed-core-8.5.34.jar:8.5.34]
	at org.apache.catalina.valves.ErrorReportValve.invoke(ErrorReportValve.java:81) [tomcat-embed-core-8.5.34.jar:8.5.34]
	at org.apache.catalina.core.StandardEngineValve.invoke(StandardEngineValve.java:87) [tomcat-embed-core-8.5.34.jar:8.5.34]
	at org.apache.catalina.connector.CoyoteAdapter.service(CoyoteAdapter.java:342) [tomcat-embed-core-8.5.34.jar:8.5.34]
	at org.apache.coyote.http11.Http11Processor.service(Http11Processor.java:800) [tomcat-embed-core-8.5.34.jar:8.5.34]
	at org.apache.coyote.AbstractProcessorLight.process(AbstractProcessorLight.java:66) [tomcat-embed-core-8.5.34.jar:8.5.34]
	at org.apache.coyote.AbstractProtocol$ConnectionHandler.process(AbstractProtocol.java:806) [tomcat-embed-core-8.5.34.jar:8.5.34]
	at org.apache.tomcat.util.net.NioEndpoint$SocketProcessor.doRun(NioEndpoint.java:1498) [tomcat-embed-core-8.5.34.jar:8.5.34]
	at org.apache.tomcat.util.net.SocketProcessorBase.run(SocketProcessorBase.java:49) [tomcat-embed-core-8.5.34.jar:8.5.34]
	at java.util.concurrent.ThreadPoolExecutor.runWorker(ThreadPoolExecutor.java:1149) [na:1.8.0_181]
	at java.util.concurrent.ThreadPoolExecutor$Worker.run(ThreadPoolExecutor.java:624) [na:1.8.0_181]
	at org.apache.tomcat.util.threads.TaskThread$WrappingRunnable.run(TaskThread.java:61) [tomcat-embed-core-8.5.34.jar:8.5.34]
	at java.lang.Thread.run(Thread.java:748) [na:1.8.0_181]

2018-10-16 09:50:24.762  INFO 18340 --- [pool-2-thread-1] c.f.schedule.DeleteExcelScheduleTask     : start delete excel file
2018-10-16 09:50:40.702 ERROR 18340 --- [http-nio-8080-exec-5] o.a.c.c.C.[.[.[/].[dispatcherServlet]    : Servlet.service() for servlet [dispatcherServlet] in context with path [] threw exception [Request processing failed; nested exception is org.springframework.web.multipart.MultipartException: Failed to parse multipart servlet request; nested exception is java.io.IOException: The temporary upload location [C:\Users\xiaoxq\AppData\Local\Temp\tomcat.2404178000458416565.8080\work\Tomcat\localhost\ROOT\classpath:\log] is not valid] with root cause

java.io.IOException: The temporary upload location [C:\Users\xiaoxq\AppData\Local\Temp\tomcat.2404178000458416565.8080\work\Tomcat\localhost\ROOT\classpath:\log] is not valid
	at org.apache.catalina.connector.Request.parseParts(Request.java:2877) ~[tomcat-embed-core-8.5.34.jar:8.5.34]
	at org.apache.catalina.connector.Request.parseParameters(Request.java:3242) ~[tomcat-embed-core-8.5.34.jar:8.5.34]
	at org.apache.catalina.connector.Request.getParameter(Request.java:1136) ~[tomcat-embed-core-8.5.34.jar:8.5.34]
	at org.apache.catalina.connector.RequestFacade.getParameter(RequestFacade.java:381) ~[tomcat-embed-core-8.5.34.jar:8.5.34]
	at org.springframework.web.filter.HiddenHttpMethodFilter.doFilterInternal(HiddenHttpMethodFilter.java:84) ~[spring-web-5.0.9.RELEASE.jar:5.0.9.RELEASE]
	at org.springframework.web.filter.OncePerRequestFilter.doFilter(OncePerRequestFilter.java:107) ~[spring-web-5.0.9.RELEASE.jar:5.0.9.RELEASE]
	at org.apache.catalina.core.ApplicationFilterChain.internalDoFilter(ApplicationFilterChain.java:193) ~[tomcat-embed-core-8.5.34.jar:8.5.34]
	at org.apache.catalina.core.ApplicationFilterChain.doFilter(ApplicationFilterChain.java:166) ~[tomcat-embed-core-8.5.34.jar:8.5.34]
	at org.springframework.web.filter.CharacterEncodingFilter.doFilterInternal(CharacterEncodingFilter.java:200) ~[spring-web-5.0.9.RELEASE.jar:5.0.9.RELEASE]
	at org.springframework.web.filter.OncePerRequestFilter.doFilter(OncePerRequestFilter.java:107) ~[spring-web-5.0.9.RELEASE.jar:5.0.9.RELEASE]
	at org.apache.catalina.core.ApplicationFilterChain.internalDoFilter(ApplicationFilterChain.java:193) ~[tomcat-embed-core-8.5.34.jar:8.5.34]
	at org.apache.catalina.core.ApplicationFilterChain.doFilter(ApplicationFilterChain.java:166) ~[tomcat-embed-core-8.5.34.jar:8.5.34]
	at org.apache.catalina.core.StandardWrapperValve.invoke(StandardWrapperValve.java:198) ~[tomcat-embed-core-8.5.34.jar:8.5.34]
	at org.apache.catalina.core.StandardContextValve.invoke(StandardContextValve.java:96) [tomcat-embed-core-8.5.34.jar:8.5.34]
	at org.apache.catalina.authenticator.AuthenticatorBase.invoke(AuthenticatorBase.java:493) [tomcat-embed-core-8.5.34.jar:8.5.34]
	at org.apache.catalina.core.StandardHostValve.invoke(StandardHostValve.java:140) [tomcat-embed-core-8.5.34.jar:8.5.34]
	at org.apache.catalina.valves.ErrorReportValve.invoke(ErrorReportValve.java:81) [tomcat-embed-core-8.5.34.jar:8.5.34]
	at org.apache.catalina.core.StandardEngineValve.invoke(StandardEngineValve.java:87) [tomcat-embed-core-8.5.34.jar:8.5.34]
	at org.apache.catalina.connector.CoyoteAdapter.service(CoyoteAdapter.java:342) [tomcat-embed-core-8.5.34.jar:8.5.34]
	at org.apache.coyote.http11.Http11Processor.service(Http11Processor.java:800) [tomcat-embed-core-8.5.34.jar:8.5.34]
	at org.apache.coyote.AbstractProcessorLight.process(AbstractProcessorLight.java:66) [tomcat-embed-core-8.5.34.jar:8.5.34]
	at org.apache.coyote.AbstractProtocol$ConnectionHandler.process(AbstractProtocol.java:806) [tomcat-embed-core-8.5.34.jar:8.5.34]
	at org.apache.tomcat.util.net.NioEndpoint$SocketProcessor.doRun(NioEndpoint.java:1498) [tomcat-embed-core-8.5.34.jar:8.5.34]
	at org.apache.tomcat.util.net.SocketProcessorBase.run(SocketProcessorBase.java:49) [tomcat-embed-core-8.5.34.jar:8.5.34]
	at java.util.concurrent.ThreadPoolExecutor.runWorker(ThreadPoolExecutor.java:1149) [na:1.8.0_181]
	at java.util.concurrent.ThreadPoolExecutor$Worker.run(ThreadPoolExecutor.java:624) [na:1.8.0_181]
	at org.apache.tomcat.util.threads.TaskThread$WrappingRunnable.run(TaskThread.java:61) [tomcat-embed-core-8.5.34.jar:8.5.34]
	at java.lang.Thread.run(Thread.java:748) [na:1.8.0_181]

2018-10-16 09:51:14.306  INFO 2240 --- [main] com.fabe2ry.CollectionApplication        : Starting CollectionApplication on X-CDN-XIAOXQ with PID 2240 (D:\collection\sample\target\classes started by xiaoxq in D:\collection)
2018-10-16 09:51:14.309  INFO 2240 --- [main] com.fabe2ry.CollectionApplication        : The following profiles are active: test
2018-10-16 09:51:14.372  INFO 2240 --- [main] ConfigServletWebServerApplicationContext : Refreshing org.springframework.boot.web.servlet.context.AnnotationConfigServletWebServerApplicationContext@247310d0: startup date [Tue Oct 16 09:51:14 CST 2018]; root of context hierarchy
2018-10-16 09:51:16.343  INFO 2240 --- [main] trationDelegate$BeanPostProcessorChecker : Bean 'org.springframework.transaction.annotation.ProxyTransactionManagementConfiguration' of type [org.springframework.transaction.annotation.ProxyTransactionManagementConfiguration$$EnhancerBySpringCGLIB$$8389fad4] is not eligible for getting processed by all BeanPostProcessors (for example: not eligible for auto-proxying)
2018-10-16 09:51:17.127  INFO 2240 --- [main] o.s.b.w.embedded.tomcat.TomcatWebServer  : Tomcat initialized with port(s): 8080 (http)
2018-10-16 09:51:17.161  INFO 2240 --- [main] o.apache.catalina.core.StandardService   : Starting service [Tomcat]
2018-10-16 09:51:17.161  INFO 2240 --- [main] org.apache.catalina.core.StandardEngine  : Starting Servlet Engine: Apache Tomcat/8.5.34
2018-10-16 09:51:17.167  INFO 2240 --- [localhost-startStop-1] o.a.catalina.core.AprLifecycleListener   : Loaded APR based Apache Tomcat Native library [1.2.17] using APR version [1.6.3].
2018-10-16 09:51:17.168  INFO 2240 --- [localhost-startStop-1] o.a.catalina.core.AprLifecycleListener   : APR capabilities: IPv6 [true], sendfile [true], accept filters [false], random [true].
2018-10-16 09:51:17.168  INFO 2240 --- [localhost-startStop-1] o.a.catalina.core.AprLifecycleListener   : APR/OpenSSL configuration: useAprConnector [false], useOpenSSL [true]
2018-10-16 09:51:18.255  INFO 2240 --- [localhost-startStop-1] o.a.catalina.core.AprLifecycleListener   : OpenSSL successfully initialized [OpenSSL 1.0.2o  27 Mar 2018]
2018-10-16 09:51:18.394  INFO 2240 --- [localhost-startStop-1] o.a.c.c.C.[Tomcat].[localhost].[/]       : Initializing Spring embedded WebApplicationContext
2018-10-16 09:51:18.394  INFO 2240 --- [localhost-startStop-1] o.s.web.context.ContextLoader            : Root WebApplicationContext: initialization completed in 4022 ms
2018-10-16 09:51:18.502  INFO 2240 --- [localhost-startStop-1] o.s.b.w.servlet.ServletRegistrationBean  : Servlet dispatcherServlet mapped to [/]
2018-10-16 09:51:18.504  INFO 2240 --- [localhost-startStop-1] o.s.b.w.servlet.ServletRegistrationBean  : Servlet webServlet mapped to [/h2-console/*]
2018-10-16 09:51:18.508  INFO 2240 --- [localhost-startStop-1] o.s.b.w.servlet.FilterRegistrationBean   : Mapping filter: 'characterEncodingFilter' to: [/*]
2018-10-16 09:51:18.509  INFO 2240 --- [localhost-startStop-1] o.s.b.w.servlet.FilterRegistrationBean   : Mapping filter: 'hiddenHttpMethodFilter' to: [/*]
2018-10-16 09:51:18.509  INFO 2240 --- [localhost-startStop-1] o.s.b.w.servlet.FilterRegistrationBean   : Mapping filter: 'httpPutFormContentFilter' to: [/*]
2018-10-16 09:51:18.509  INFO 2240 --- [localhost-startStop-1] o.s.b.w.servlet.FilterRegistrationBean   : Mapping filter: 'requestContextFilter' to: [/*]
2018-10-16 09:51:18.671  INFO 2240 --- [main] com.zaxxer.hikari.HikariDataSource       : HikariPool-1 - Starting...
2018-10-16 09:51:18.844  INFO 2240 --- [main] com.zaxxer.hikari.HikariDataSource       : HikariPool-1 - Start completed.
2018-10-16 09:51:18.861  INFO 2240 --- [main] o.s.jdbc.datasource.init.ScriptUtils     : Executing SQL script from class path resource [db/schema.sql]
2018-10-16 09:51:18.887  INFO 2240 --- [main] o.s.jdbc.datasource.init.ScriptUtils     : Executed SQL script from class path resource [db/schema.sql] in 26 ms.
2018-10-16 09:51:18.890  INFO 2240 --- [main] o.s.jdbc.datasource.init.ScriptUtils     : Executing SQL script from class path resource [db/data.sql]
2018-10-16 09:51:18.896  INFO 2240 --- [main] o.s.jdbc.datasource.init.ScriptUtils     : Executed SQL script from class path resource [db/data.sql] in 6 ms.
2018-10-16 09:51:19.813  INFO 2240 --- [main] s.w.s.m.m.a.RequestMappingHandlerMapping : Mapped "{[/api/user/add],methods=[POST]}" onto public com.fabe2ry.model.util.ResultVo com.fabe2ry.controller.UserController.add(javax.servlet.http.HttpServletRequest,javax.servlet.http.HttpServletResponse,java.lang.String,java.lang.String,java.lang.String,int)
2018-10-16 09:51:19.815  INFO 2240 --- [main] s.w.s.m.m.a.RequestMappingHandlerMapping : Mapped "{[/api/user/register],methods=[POST]}" onto public com.fabe2ry.model.util.ResultVo com.fabe2ry.controller.UserController.register(java.lang.String,java.lang.String,java.lang.String)
2018-10-16 09:51:19.815  INFO 2240 --- [main] s.w.s.m.m.a.RequestMappingHandlerMapping : Mapped "{[/api/user/update],methods=[POST]}" onto public com.fabe2ry.model.util.ResultVo com.fabe2ry.controller.UserController.update(javax.servlet.http.HttpServletRequest,javax.servlet.http.HttpServletResponse,java.lang.String,java.lang.String,java.lang.String)
2018-10-16 09:51:19.816  INFO 2240 --- [main] s.w.s.m.m.a.RequestMappingHandlerMapping : Mapped "{[/api/user/delete],methods=[POST]}" onto public com.fabe2ry.model.util.ResultVo com.fabe2ry.controller.UserController.delete(javax.servlet.http.HttpServletRequest,javax.servlet.http.HttpServletResponse,java.lang.String)
2018-10-16 09:51:19.816  INFO 2240 --- [main] s.w.s.m.m.a.RequestMappingHandlerMapping : Mapped "{[/api/user/test],methods=[GET]}" onto public java.lang.String com.fabe2ry.controller.UserController.test() throws java.lang.Throwable
2018-10-16 09:51:19.817  INFO 2240 --- [main] s.w.s.m.m.a.RequestMappingHandlerMapping : Mapped "{[/api/user/imgUplaod],methods=[POST]}" onto public com.fabe2ry.model.util.ResultVo com.fabe2ry.controller.UserController.imgUpload(javax.servlet.http.HttpServletRequest,javax.servlet.http.HttpServletResponse,org.springframework.web.multipart.MultipartFile)
2018-10-16 09:51:19.817  INFO 2240 --- [main] s.w.s.m.m.a.RequestMappingHandlerMapping : Mapped "{[/api/user/getGoods/{pageIndex}/{pageSize}],methods=[GET]}" onto public com.fabe2ry.model.util.ListVo com.fabe2ry.controller.UserController.getAllGoods(javax.servlet.http.HttpServletRequest,javax.servlet.http.HttpServletResponse,int,int)
2018-10-16 09:51:19.818  INFO 2240 --- [main] s.w.s.m.m.a.RequestMappingHandlerMapping : Mapped "{[/api/user/exportGoodsExcel],methods=[GET]}" onto public void com.fabe2ry.controller.UserController.exportGoodsExcel(javax.servlet.http.HttpServletRequest,javax.servlet.http.HttpServletResponse)
2018-10-16 09:51:19.818  INFO 2240 --- [main] s.w.s.m.m.a.RequestMappingHandlerMapping : Mapped "{[/api/user/logout],methods=[GET]}" onto public com.fabe2ry.model.util.ResultVo com.fabe2ry.controller.UserController.logout(javax.servlet.http.HttpServletRequest,javax.servlet.http.HttpServletResponse)
2018-10-16 09:51:19.819  INFO 2240 --- [main] s.w.s.m.m.a.RequestMappingHandlerMapping : Mapped "{[/api/user/getUsers/{pageIndex}/{pageSize}],methods=[GET]}" onto public com.fabe2ry.model.util.ListVo com.fabe2ry.controller.UserController.getUsers(javax.servlet.http.HttpServletRequest,javax.servlet.http.HttpServletResponse,int,int)
2018-10-16 09:51:19.819  INFO 2240 --- [main] s.w.s.m.m.a.RequestMappingHandlerMapping : Mapped "{[/api/user/login],methods=[POST]}" onto public com.fabe2ry.model.util.ResultVo com.fabe2ry.controller.UserController.login(javax.servlet.http.HttpServletRequest,javax.servlet.http.HttpServletResponse,java.lang.String,java.lang.String)
2018-10-16 09:51:19.819  INFO 2240 --- [main] s.w.s.m.m.a.RequestMappingHandlerMapping : Mapped "{[/api/user/getTestExcel],methods=[GET]}" onto public void com.fabe2ry.controller.UserController.getTestExcel(javax.servlet.http.HttpServletRequest,javax.servlet.http.HttpServletResponse)
2018-10-16 09:51:19.820  INFO 2240 --- [main] s.w.s.m.m.a.RequestMappingHandlerMapping : Mapped "{[/api/user/getLogs/{pageIndex}/{pageSize}],methods=[GET]}" onto public com.fabe2ry.model.util.ListVo com.fabe2ry.controller.UserController.getAllLog(javax.servlet.http.HttpServletRequest,javax.servlet.http.HttpServletResponse,int,int)
2018-10-16 09:51:19.821  INFO 2240 --- [main] s.w.s.m.m.a.RequestMappingHandlerMapping : Mapped "{[/api/user/importGoodsExcelWithDirectReturn],methods=[POST]}" onto public com.fabe2ry.model.util.ListVo com.fabe2ry.controller.UserController.importGoodsExcelWithDirectReturn(javax.servlet.http.HttpServletRequest,javax.servlet.http.HttpServletResponse)
2018-10-16 09:51:19.822  INFO 2240 --- [main] s.w.s.m.m.a.RequestMappingHandlerMapping : Mapped "{[/api/user/importGoodsExcelWithReturn],methods=[POST]}" onto public com.fabe2ry.model.util.ListVo com.fabe2ry.controller.UserController.importGoodsExcelWithReturn(javax.servlet.http.HttpServletRequest,javax.servlet.http.HttpServletResponse)
2018-10-16 09:51:19.823  INFO 2240 --- [main] s.w.s.m.m.a.RequestMappingHandlerMapping : Mapped "{[/api/user/imgDownload],methods=[GET]}" onto public com.fabe2ry.model.util.ResultVo com.fabe2ry.controller.UserController.imgDownload(javax.servlet.http.HttpServletRequest,javax.servlet.http.HttpServletResponse)
2018-10-16 09:51:19.825  INFO 2240 --- [main] s.w.s.m.m.a.RequestMappingHandlerMapping : Mapped "{[/api/user/imgShow],methods=[GET]}" onto public com.fabe2ry.model.util.ResultVo com.fabe2ry.controller.UserController.imgShow(javax.servlet.http.HttpServletRequest,javax.servlet.http.HttpServletResponse)
2018-10-16 09:51:19.829  INFO 2240 --- [main] s.w.s.m.m.a.RequestMappingHandlerMapping : Mapped "{[/swagger-resources/configuration/ui]}" onto public org.springframework.http.ResponseEntity<springfox.documentation.swagger.web.UiConfiguration> springfox.documentation.swagger.web.ApiResourceController.uiConfiguration()
2018-10-16 09:51:19.831  INFO 2240 --- [main] s.w.s.m.m.a.RequestMappingHandlerMapping : Mapped "{[/swagger-resources]}" onto public org.springframework.http.ResponseEntity<java.util.List<springfox.documentation.swagger.web.SwaggerResource>> springfox.documentation.swagger.web.ApiResourceController.swaggerResources()
2018-10-16 09:51:19.832  INFO 2240 --- [main] s.w.s.m.m.a.RequestMappingHandlerMapping : Mapped "{[/swagger-resources/configuration/security]}" onto public org.springframework.http.ResponseEntity<springfox.documentation.swagger.web.SecurityConfiguration> springfox.documentation.swagger.web.ApiResourceController.securityConfiguration()
2018-10-16 09:51:19.836  INFO 2240 --- [main] s.w.s.m.m.a.RequestMappingHandlerMapping : Mapped "{[/error]}" onto public org.springframework.http.ResponseEntity<java.util.Map<java.lang.String, java.lang.Object>> org.springframework.boot.autoconfigure.web.servlet.error.BasicErrorController.error(javax.servlet.http.HttpServletRequest)
2018-10-16 09:51:19.837  INFO 2240 --- [main] s.w.s.m.m.a.RequestMappingHandlerMapping : Mapped "{[/error],produces=[text/html]}" onto public org.springframework.web.servlet.ModelAndView org.springframework.boot.autoconfigure.web.servlet.error.BasicErrorController.errorHtml(javax.servlet.http.HttpServletRequest,javax.servlet.http.HttpServletResponse)
2018-10-16 09:51:20.110  INFO 2240 --- [main] pertySourcedRequestMappingHandlerMapping : Mapped URL path [/v2/api-docs] onto method [public org.springframework.http.ResponseEntity<springfox.documentation.spring.web.json.Json> springfox.documentation.swagger2.web.Swagger2Controller.getDocumentation(java.lang.String,javax.servlet.http.HttpServletRequest)]
2018-10-16 09:51:20.247  INFO 2240 --- [main] o.s.w.s.handler.SimpleUrlHandlerMapping  : Mapped URL path [/**/favicon.ico] onto handler of type [class org.springframework.web.servlet.resource.ResourceHttpRequestHandler]
2018-10-16 09:51:20.490  INFO 2240 --- [main] s.w.s.m.m.a.RequestMappingHandlerAdapter : Looking for @ControllerAdvice: org.springframework.boot.web.servlet.context.AnnotationConfigServletWebServerApplicationContext@247310d0: startup date [Tue Oct 16 09:51:14 CST 2018]; root of context hierarchy
2018-10-16 09:51:20.556  INFO 2240 --- [main] o.s.w.s.handler.SimpleUrlHandlerMapping  : Mapped URL path [/webjars/**] onto handler of type [class org.springframework.web.servlet.resource.ResourceHttpRequestHandler]
2018-10-16 09:51:20.557  INFO 2240 --- [main] o.s.w.s.handler.SimpleUrlHandlerMapping  : Mapped URL path [/**] onto handler of type [class org.springframework.web.servlet.resource.ResourceHttpRequestHandler]
2018-10-16 09:51:20.960  INFO 2240 --- [main] o.s.j.e.a.AnnotationMBeanExporter        : Registering beans for JMX exposure on startup
2018-10-16 09:51:20.962  INFO 2240 --- [main] o.s.j.e.a.AnnotationMBeanExporter        : Bean with name 'dataSource' has been autodetected for JMX exposure
2018-10-16 09:51:20.969  INFO 2240 --- [main] o.s.j.e.a.AnnotationMBeanExporter        : Located MBean 'dataSource': registering with JMX server as MBean [com.zaxxer.hikari:name=dataSource,type=HikariDataSource]
2018-10-16 09:51:20.976  INFO 2240 --- [main] o.s.c.support.DefaultLifecycleProcessor  : Starting beans in phase 2147483647
2018-10-16 09:51:20.976  INFO 2240 --- [main] d.s.w.p.DocumentationPluginsBootstrapper : Context refreshed
2018-10-16 09:51:21.003  INFO 2240 --- [main] d.s.w.p.DocumentationPluginsBootstrapper : Found 1 custom documentation plugin(s)
2018-10-16 09:51:21.044  INFO 2240 --- [main] s.d.s.w.s.ApiListingReferenceScanner     : Scanning for api listing references
2018-10-16 09:51:21.268  INFO 2240 --- [main] s.a.ScheduledAnnotationBeanPostProcessor : No TaskScheduler/ScheduledExecutorService bean found for scheduled processing
2018-10-16 09:51:21.274  INFO 2240 --- [pool-1-thread-1] c.f.schedule.DeleteExcelScheduleTask     : start delete excel file
2018-10-16 09:51:21.306  INFO 2240 --- [main] o.s.b.w.embedded.tomcat.TomcatWebServer  : Tomcat started on port(s): 8080 (http) with context path ''
2018-10-16 09:51:21.312  INFO 2240 --- [main] com.fabe2ry.CollectionApplication        : Started CollectionApplication in 7.611 seconds (JVM running for 8.377)
2018-10-16 09:51:25.559  INFO 2240 --- [http-nio-8080-exec-1] o.a.c.c.C.[Tomcat].[localhost].[/]       : Initializing Spring FrameworkServlet 'dispatcherServlet'
2018-10-16 09:51:25.559  INFO 2240 --- [http-nio-8080-exec-1] o.s.web.servlet.DispatcherServlet        : FrameworkServlet 'dispatcherServlet': initialization started
2018-10-16 09:51:25.587  INFO 2240 --- [http-nio-8080-exec-1] o.s.web.servlet.DispatcherServlet        : FrameworkServlet 'dispatcherServlet': initialization completed in 28 ms
2018-10-16 09:56:15.535  INFO 13576 --- [main] com.fabe2ry.CollectionApplication        : Starting CollectionApplication on X-CDN-XIAOXQ with PID 13576 (D:\collection\sample\target\classes started by xiaoxq in D:\collection)
2018-10-16 09:56:15.541  INFO 13576 --- [main] com.fabe2ry.CollectionApplication        : The following profiles are active: test
2018-10-16 09:56:15.606  INFO 13576 --- [main] ConfigServletWebServerApplicationContext : Refreshing org.springframework.boot.web.servlet.context.AnnotationConfigServletWebServerApplicationContext@723ca036: startup date [Tue Oct 16 09:56:15 CST 2018]; root of context hierarchy
2018-10-16 09:56:18.073  INFO 13576 --- [main] trationDelegate$BeanPostProcessorChecker : Bean 'org.springframework.transaction.annotation.ProxyTransactionManagementConfiguration' of type [org.springframework.transaction.annotation.ProxyTransactionManagementConfiguration$$EnhancerBySpringCGLIB$$85101038] is not eligible for getting processed by all BeanPostProcessors (for example: not eligible for auto-proxying)
2018-10-16 09:56:18.944  INFO 13576 --- [main] o.s.b.w.embedded.tomcat.TomcatWebServer  : Tomcat initialized with port(s): 8080 (http)
2018-10-16 09:56:18.977  INFO 13576 --- [main] o.apache.catalina.core.StandardService   : Starting service [Tomcat]
2018-10-16 09:56:18.978  INFO 13576 --- [main] org.apache.catalina.core.StandardEngine  : Starting Servlet Engine: Apache Tomcat/8.5.34
2018-10-16 09:56:18.987  INFO 13576 --- [localhost-startStop-1] o.a.catalina.core.AprLifecycleListener   : Loaded APR based Apache Tomcat Native library [1.2.17] using APR version [1.6.3].
2018-10-16 09:56:18.988  INFO 13576 --- [localhost-startStop-1] o.a.catalina.core.AprLifecycleListener   : APR capabilities: IPv6 [true], sendfile [true], accept filters [false], random [true].
2018-10-16 09:56:18.988  INFO 13576 --- [localhost-startStop-1] o.a.catalina.core.AprLifecycleListener   : APR/OpenSSL configuration: useAprConnector [false], useOpenSSL [true]
2018-10-16 09:56:20.045  INFO 13576 --- [localhost-startStop-1] o.a.catalina.core.AprLifecycleListener   : OpenSSL successfully initialized [OpenSSL 1.0.2o  27 Mar 2018]
2018-10-16 09:56:20.156  INFO 13576 --- [localhost-startStop-1] o.a.c.c.C.[Tomcat].[localhost].[/]       : Initializing Spring embedded WebApplicationContext
2018-10-16 09:56:20.157  INFO 13576 --- [localhost-startStop-1] o.s.web.context.ContextLoader            : Root WebApplicationContext: initialization completed in 4551 ms
2018-10-16 09:56:20.270  INFO 13576 --- [localhost-startStop-1] o.s.b.w.servlet.ServletRegistrationBean  : Servlet dispatcherServlet mapped to [/]
2018-10-16 09:56:20.273  INFO 13576 --- [localhost-startStop-1] o.s.b.w.servlet.ServletRegistrationBean  : Servlet webServlet mapped to [/h2-console/*]
2018-10-16 09:56:20.279  INFO 13576 --- [localhost-startStop-1] o.s.b.w.servlet.FilterRegistrationBean   : Mapping filter: 'characterEncodingFilter' to: [/*]
2018-10-16 09:56:20.279  INFO 13576 --- [localhost-startStop-1] o.s.b.w.servlet.FilterRegistrationBean   : Mapping filter: 'hiddenHttpMethodFilter' to: [/*]
2018-10-16 09:56:20.280  INFO 13576 --- [localhost-startStop-1] o.s.b.w.servlet.FilterRegistrationBean   : Mapping filter: 'httpPutFormContentFilter' to: [/*]
2018-10-16 09:56:20.280  INFO 13576 --- [localhost-startStop-1] o.s.b.w.servlet.FilterRegistrationBean   : Mapping filter: 'requestContextFilter' to: [/*]
2018-10-16 09:56:20.441  INFO 13576 --- [main] com.zaxxer.hikari.HikariDataSource       : HikariPool-1 - Starting...
2018-10-16 09:56:20.553  INFO 13576 --- [main] com.zaxxer.hikari.HikariDataSource       : HikariPool-1 - Start completed.
2018-10-16 09:56:20.571  INFO 13576 --- [main] o.s.jdbc.datasource.init.ScriptUtils     : Executing SQL script from class path resource [db/schema.sql]
2018-10-16 09:56:20.598  INFO 13576 --- [main] o.s.jdbc.datasource.init.ScriptUtils     : Executed SQL script from class path resource [db/schema.sql] in 27 ms.
2018-10-16 09:56:20.601  INFO 13576 --- [main] o.s.jdbc.datasource.init.ScriptUtils     : Executing SQL script from class path resource [db/data.sql]
2018-10-16 09:56:20.607  INFO 13576 --- [main] o.s.jdbc.datasource.init.ScriptUtils     : Executed SQL script from class path resource [db/data.sql] in 6 ms.
2018-10-16 09:56:21.536  INFO 13576 --- [main] s.w.s.m.m.a.RequestMappingHandlerMapping : Mapped "{[/api/user/add],methods=[POST]}" onto public com.fabe2ry.model.util.ResultVo com.fabe2ry.controller.UserController.add(javax.servlet.http.HttpServletRequest,javax.servlet.http.HttpServletResponse,java.lang.String,java.lang.String,java.lang.String,int)
2018-10-16 09:56:21.539  INFO 13576 --- [main] s.w.s.m.m.a.RequestMappingHandlerMapping : Mapped "{[/api/user/register],methods=[POST]}" onto public com.fabe2ry.model.util.ResultVo com.fabe2ry.controller.UserController.register(java.lang.String,java.lang.String,java.lang.String)
2018-10-16 09:56:21.540  INFO 13576 --- [main] s.w.s.m.m.a.RequestMappingHandlerMapping : Mapped "{[/api/user/update],methods=[POST]}" onto public com.fabe2ry.model.util.ResultVo com.fabe2ry.controller.UserController.update(javax.servlet.http.HttpServletRequest,javax.servlet.http.HttpServletResponse,java.lang.String,java.lang.String,java.lang.String)
2018-10-16 09:56:21.541  INFO 13576 --- [main] s.w.s.m.m.a.RequestMappingHandlerMapping : Mapped "{[/api/user/delete],methods=[POST]}" onto public com.fabe2ry.model.util.ResultVo com.fabe2ry.controller.UserController.delete(javax.servlet.http.HttpServletRequest,javax.servlet.http.HttpServletResponse,java.lang.String)
2018-10-16 09:56:21.541  INFO 13576 --- [main] s.w.s.m.m.a.RequestMappingHandlerMapping : Mapped "{[/api/user/test],methods=[GET]}" onto public java.lang.String com.fabe2ry.controller.UserController.test() throws java.lang.Throwable
2018-10-16 09:56:21.542  INFO 13576 --- [main] s.w.s.m.m.a.RequestMappingHandlerMapping : Mapped "{[/api/user/importGoodsExcelWithDirectReturn],methods=[POST]}" onto public com.fabe2ry.model.util.ListVo com.fabe2ry.controller.UserController.importGoodsExcelWithDirectReturn(javax.servlet.http.HttpServletRequest,javax.servlet.http.HttpServletResponse)
2018-10-16 09:56:21.542  INFO 13576 --- [main] s.w.s.m.m.a.RequestMappingHandlerMapping : Mapped "{[/api/user/importGoodsExcelWithReturn],methods=[POST]}" onto public com.fabe2ry.model.util.ListVo com.fabe2ry.controller.UserController.importGoodsExcelWithReturn(javax.servlet.http.HttpServletRequest,javax.servlet.http.HttpServletResponse)
2018-10-16 09:56:21.543  INFO 13576 --- [main] s.w.s.m.m.a.RequestMappingHandlerMapping : Mapped "{[/api/user/getTestExcel],methods=[GET]}" onto public void com.fabe2ry.controller.UserController.getTestExcel(javax.servlet.http.HttpServletRequest,javax.servlet.http.HttpServletResponse)
2018-10-16 09:56:21.544  INFO 13576 --- [main] s.w.s.m.m.a.RequestMappingHandlerMapping : Mapped "{[/api/user/imgUplaod],methods=[POST]}" onto public com.fabe2ry.model.util.ResultVo com.fabe2ry.controller.UserController.imgUpload(javax.servlet.http.HttpServletRequest,javax.servlet.http.HttpServletResponse,org.springframework.web.multipart.MultipartFile)
2018-10-16 09:56:21.545  INFO 13576 --- [main] s.w.s.m.m.a.RequestMappingHandlerMapping : Mapped "{[/api/user/imgShow],methods=[GET]}" onto public com.fabe2ry.model.util.ResultVo com.fabe2ry.controller.UserController.imgShow(javax.servlet.http.HttpServletRequest,javax.servlet.http.HttpServletResponse)
2018-10-16 09:56:21.546  INFO 13576 --- [main] s.w.s.m.m.a.RequestMappingHandlerMapping : Mapped "{[/api/user/logout],methods=[GET]}" onto public com.fabe2ry.model.util.ResultVo com.fabe2ry.controller.UserController.logout(javax.servlet.http.HttpServletRequest,javax.servlet.http.HttpServletResponse)
2018-10-16 09:56:21.546  INFO 13576 --- [main] s.w.s.m.m.a.RequestMappingHandlerMapping : Mapped "{[/api/user/getLogs/{pageIndex}/{pageSize}],methods=[GET]}" onto public com.fabe2ry.model.util.ListVo com.fabe2ry.controller.UserController.getAllLog(javax.servlet.http.HttpServletRequest,javax.servlet.http.HttpServletResponse,int,int)
2018-10-16 09:56:21.547  INFO 13576 --- [main] s.w.s.m.m.a.RequestMappingHandlerMapping : Mapped "{[/api/user/exportGoodsExcel],methods=[GET]}" onto public void com.fabe2ry.controller.UserController.exportGoodsExcel(javax.servlet.http.HttpServletRequest,javax.servlet.http.HttpServletResponse)
2018-10-16 09:56:21.547  INFO 13576 --- [main] s.w.s.m.m.a.RequestMappingHandlerMapping : Mapped "{[/api/user/getGoods/{pageIndex}/{pageSize}],methods=[GET]}" onto public com.fabe2ry.model.util.ListVo com.fabe2ry.controller.UserController.getAllGoods(javax.servlet.http.HttpServletRequest,javax.servlet.http.HttpServletResponse,int,int)
2018-10-16 09:56:21.548  INFO 13576 --- [main] s.w.s.m.m.a.RequestMappingHandlerMapping : Mapped "{[/api/user/imgDownload],methods=[GET]}" onto public com.fabe2ry.model.util.ResultVo com.fabe2ry.controller.UserController.imgDownload(javax.servlet.http.HttpServletRequest,javax.servlet.http.HttpServletResponse)
2018-10-16 09:56:21.548  INFO 13576 --- [main] s.w.s.m.m.a.RequestMappingHandlerMapping : Mapped "{[/api/user/login],methods=[POST]}" onto public com.fabe2ry.model.util.ResultVo com.fabe2ry.controller.UserController.login(javax.servlet.http.HttpServletRequest,javax.servlet.http.HttpServletResponse,java.lang.String,java.lang.String)
2018-10-16 09:56:21.550  INFO 13576 --- [main] s.w.s.m.m.a.RequestMappingHandlerMapping : Mapped "{[/api/user/getUsers/{pageIndex}/{pageSize}],methods=[GET]}" onto public com.fabe2ry.model.util.ListVo com.fabe2ry.controller.UserController.getUsers(javax.servlet.http.HttpServletRequest,javax.servlet.http.HttpServletResponse,int,int)
2018-10-16 09:56:21.555  INFO 13576 --- [main] s.w.s.m.m.a.RequestMappingHandlerMapping : Mapped "{[/swagger-resources/configuration/security]}" onto public org.springframework.http.ResponseEntity<springfox.documentation.swagger.web.SecurityConfiguration> springfox.documentation.swagger.web.ApiResourceController.securityConfiguration()
2018-10-16 09:56:21.556  INFO 13576 --- [main] s.w.s.m.m.a.RequestMappingHandlerMapping : Mapped "{[/swagger-resources/configuration/ui]}" onto public org.springframework.http.ResponseEntity<springfox.documentation.swagger.web.UiConfiguration> springfox.documentation.swagger.web.ApiResourceController.uiConfiguration()
2018-10-16 09:56:21.557  INFO 13576 --- [main] s.w.s.m.m.a.RequestMappingHandlerMapping : Mapped "{[/swagger-resources]}" onto public org.springframework.http.ResponseEntity<java.util.List<springfox.documentation.swagger.web.SwaggerResource>> springfox.documentation.swagger.web.ApiResourceController.swaggerResources()
2018-10-16 09:56:21.560  INFO 13576 --- [main] s.w.s.m.m.a.RequestMappingHandlerMapping : Mapped "{[/error]}" onto public org.springframework.http.ResponseEntity<java.util.Map<java.lang.String, java.lang.Object>> org.springframework.boot.autoconfigure.web.servlet.error.BasicErrorController.error(javax.servlet.http.HttpServletRequest)
2018-10-16 09:56:21.560  INFO 13576 --- [main] s.w.s.m.m.a.RequestMappingHandlerMapping : Mapped "{[/error],produces=[text/html]}" onto public org.springframework.web.servlet.ModelAndView org.springframework.boot.autoconfigure.web.servlet.error.BasicErrorController.errorHtml(javax.servlet.http.HttpServletRequest,javax.servlet.http.HttpServletResponse)
2018-10-16 09:56:21.806  INFO 13576 --- [main] pertySourcedRequestMappingHandlerMapping : Mapped URL path [/v2/api-docs] onto method [public org.springframework.http.ResponseEntity<springfox.documentation.spring.web.json.Json> springfox.documentation.swagger2.web.Swagger2Controller.getDocumentation(java.lang.String,javax.servlet.http.HttpServletRequest)]
2018-10-16 09:56:21.930  INFO 13576 --- [main] o.s.w.s.handler.SimpleUrlHandlerMapping  : Mapped URL path [/**/favicon.ico] onto handler of type [class org.springframework.web.servlet.resource.ResourceHttpRequestHandler]
2018-10-16 09:56:22.147  INFO 13576 --- [main] s.w.s.m.m.a.RequestMappingHandlerAdapter : Looking for @ControllerAdvice: org.springframework.boot.web.servlet.context.AnnotationConfigServletWebServerApplicationContext@723ca036: startup date [Tue Oct 16 09:56:15 CST 2018]; root of context hierarchy
2018-10-16 09:56:22.218  INFO 13576 --- [main] o.s.w.s.handler.SimpleUrlHandlerMapping  : Mapped URL path [/webjars/**] onto handler of type [class org.springframework.web.servlet.resource.ResourceHttpRequestHandler]
2018-10-16 09:56:22.218  INFO 13576 --- [main] o.s.w.s.handler.SimpleUrlHandlerMapping  : Mapped URL path [/**] onto handler of type [class org.springframework.web.servlet.resource.ResourceHttpRequestHandler]
2018-10-16 09:56:22.648  INFO 13576 --- [main] o.s.j.e.a.AnnotationMBeanExporter        : Registering beans for JMX exposure on startup
2018-10-16 09:56:22.650  INFO 13576 --- [main] o.s.j.e.a.AnnotationMBeanExporter        : Bean with name 'dataSource' has been autodetected for JMX exposure
2018-10-16 09:56:22.657  INFO 13576 --- [main] o.s.j.e.a.AnnotationMBeanExporter        : Located MBean 'dataSource': registering with JMX server as MBean [com.zaxxer.hikari:name=dataSource,type=HikariDataSource]
2018-10-16 09:56:22.662  INFO 13576 --- [main] o.s.c.support.DefaultLifecycleProcessor  : Starting beans in phase 2147483647
2018-10-16 09:56:22.662  INFO 13576 --- [main] d.s.w.p.DocumentationPluginsBootstrapper : Context refreshed
2018-10-16 09:56:22.686  INFO 13576 --- [main] d.s.w.p.DocumentationPluginsBootstrapper : Found 1 custom documentation plugin(s)
2018-10-16 09:56:22.725  INFO 13576 --- [main] s.d.s.w.s.ApiListingReferenceScanner     : Scanning for api listing references
2018-10-16 09:56:22.949  INFO 13576 --- [main] s.a.ScheduledAnnotationBeanPostProcessor : No TaskScheduler/ScheduledExecutorService bean found for scheduled processing
2018-10-16 09:56:22.955  INFO 13576 --- [pool-1-thread-1] c.f.schedule.DeleteExcelScheduleTask     : start delete excel file
2018-10-16 09:56:22.987  INFO 13576 --- [main] o.s.b.w.embedded.tomcat.TomcatWebServer  : Tomcat started on port(s): 8080 (http) with context path ''
2018-10-16 09:56:22.993  INFO 13576 --- [main] com.fabe2ry.CollectionApplication        : Started CollectionApplication in 8.044 seconds (JVM running for 8.995)
2018-10-16 09:57:08.036  INFO 13576 --- [http-nio-8080-exec-1] o.a.c.c.C.[Tomcat].[localhost].[/]       : Initializing Spring FrameworkServlet 'dispatcherServlet'
2018-10-16 09:57:08.036  INFO 13576 --- [http-nio-8080-exec-1] o.s.web.servlet.DispatcherServlet        : FrameworkServlet 'dispatcherServlet': initialization started
2018-10-16 09:57:08.069  INFO 13576 --- [http-nio-8080-exec-1] o.s.web.servlet.DispatcherServlet        : FrameworkServlet 'dispatcherServlet': initialization completed in 33 ms
2018-10-16 11:51:02.417  INFO 4500 --- [main] com.fabe2ry.CollectionApplication        : Starting CollectionApplication on X-CDN-XIAOXQ with PID 4500 (D:\collection\sample\target\classes started by xiaoxq in D:\collection)
2018-10-16 11:51:02.421  INFO 4500 --- [main] com.fabe2ry.CollectionApplication        : The following profiles are active: test
2018-10-16 11:51:02.499  INFO 4500 --- [main] ConfigServletWebServerApplicationContext : Refreshing org.springframework.boot.web.servlet.context.AnnotationConfigServletWebServerApplicationContext@496bc455: startup date [Tue Oct 16 11:51:02 CST 2018]; root of context hierarchy
2018-10-16 11:51:05.421  INFO 4500 --- [main] trationDelegate$BeanPostProcessorChecker : Bean 'org.springframework.transaction.annotation.ProxyTransactionManagementConfiguration' of type [org.springframework.transaction.annotation.ProxyTransactionManagementConfiguration$$EnhancerBySpringCGLIB$$7bee9a4a] is not eligible for getting processed by all BeanPostProcessors (for example: not eligible for auto-proxying)
2018-10-16 11:51:06.374  INFO 4500 --- [main] o.s.b.w.embedded.tomcat.TomcatWebServer  : Tomcat initialized with port(s): 8080 (http)
2018-10-16 11:51:06.510  INFO 4500 --- [main] o.apache.catalina.core.StandardService   : Starting service [Tomcat]
2018-10-16 11:51:06.510  INFO 4500 --- [main] org.apache.catalina.core.StandardEngine  : Starting Servlet Engine: Apache Tomcat/8.5.34
2018-10-16 11:51:06.522  INFO 4500 --- [localhost-startStop-1] o.a.catalina.core.AprLifecycleListener   : Loaded APR based Apache Tomcat Native library [1.2.17] using APR version [1.6.3].
2018-10-16 11:51:06.523  INFO 4500 --- [localhost-startStop-1] o.a.catalina.core.AprLifecycleListener   : APR capabilities: IPv6 [true], sendfile [true], accept filters [false], random [true].
2018-10-16 11:51:06.524  INFO 4500 --- [localhost-startStop-1] o.a.catalina.core.AprLifecycleListener   : APR/OpenSSL configuration: useAprConnector [false], useOpenSSL [true]
2018-10-16 11:51:07.591  INFO 4500 --- [localhost-startStop-1] o.a.catalina.core.AprLifecycleListener   : OpenSSL successfully initialized [OpenSSL 1.0.2o  27 Mar 2018]
2018-10-16 11:51:07.743  INFO 4500 --- [localhost-startStop-1] o.a.c.c.C.[Tomcat].[localhost].[/]       : Initializing Spring embedded WebApplicationContext
2018-10-16 11:51:07.744  INFO 4500 --- [localhost-startStop-1] o.s.web.context.ContextLoader            : Root WebApplicationContext: initialization completed in 5246 ms
2018-10-16 11:51:07.902  INFO 4500 --- [localhost-startStop-1] o.s.b.w.servlet.ServletRegistrationBean  : Servlet dispatcherServlet mapped to [/]
2018-10-16 11:51:07.904  INFO 4500 --- [localhost-startStop-1] o.s.b.w.servlet.ServletRegistrationBean  : Servlet webServlet mapped to [/h2-console/*]
2018-10-16 11:51:07.910  INFO 4500 --- [localhost-startStop-1] o.s.b.w.servlet.FilterRegistrationBean   : Mapping filter: 'characterEncodingFilter' to: [/*]
2018-10-16 11:51:07.911  INFO 4500 --- [localhost-startStop-1] o.s.b.w.servlet.FilterRegistrationBean   : Mapping filter: 'hiddenHttpMethodFilter' to: [/*]
2018-10-16 11:51:07.911  INFO 4500 --- [localhost-startStop-1] o.s.b.w.servlet.FilterRegistrationBean   : Mapping filter: 'httpPutFormContentFilter' to: [/*]
2018-10-16 11:51:07.911  INFO 4500 --- [localhost-startStop-1] o.s.b.w.servlet.FilterRegistrationBean   : Mapping filter: 'requestContextFilter' to: [/*]
2018-10-16 11:51:08.064  INFO 4500 --- [main] com.zaxxer.hikari.HikariDataSource       : HikariPool-1 - Starting...
2018-10-16 11:51:08.178  INFO 4500 --- [main] com.zaxxer.hikari.HikariDataSource       : HikariPool-1 - Start completed.
2018-10-16 11:51:08.193  INFO 4500 --- [main] o.s.jdbc.datasource.init.ScriptUtils     : Executing SQL script from class path resource [db/schema.sql]
2018-10-16 11:51:08.216  INFO 4500 --- [main] o.s.jdbc.datasource.init.ScriptUtils     : Executed SQL script from class path resource [db/schema.sql] in 23 ms.
2018-10-16 11:51:08.219  INFO 4500 --- [main] o.s.jdbc.datasource.init.ScriptUtils     : Executing SQL script from class path resource [db/data.sql]
2018-10-16 11:51:08.224  INFO 4500 --- [main] o.s.jdbc.datasource.init.ScriptUtils     : Executed SQL script from class path resource [db/data.sql] in 4 ms.
2018-10-16 11:51:09.272  INFO 4500 --- [main] s.w.s.m.m.a.RequestMappingHandlerMapping : Mapped "{[/api/user/add],methods=[POST]}" onto public com.fabe2ry.model.util.ResultVo com.fabe2ry.controller.UserController.add(javax.servlet.http.HttpServletRequest,javax.servlet.http.HttpServletResponse,java.lang.String,java.lang.String,java.lang.String,int)
2018-10-16 11:51:09.275  INFO 4500 --- [main] s.w.s.m.m.a.RequestMappingHandlerMapping : Mapped "{[/api/user/register],methods=[POST]}" onto public com.fabe2ry.model.util.ResultVo com.fabe2ry.controller.UserController.register(java.lang.String,java.lang.String,java.lang.String)
2018-10-16 11:51:09.276  INFO 4500 --- [main] s.w.s.m.m.a.RequestMappingHandlerMapping : Mapped "{[/api/user/update],methods=[POST]}" onto public com.fabe2ry.model.util.ResultVo com.fabe2ry.controller.UserController.update(javax.servlet.http.HttpServletRequest,javax.servlet.http.HttpServletResponse,java.lang.String,java.lang.String,java.lang.String)
2018-10-16 11:51:09.276  INFO 4500 --- [main] s.w.s.m.m.a.RequestMappingHandlerMapping : Mapped "{[/api/user/delete],methods=[POST]}" onto public com.fabe2ry.model.util.ResultVo com.fabe2ry.controller.UserController.delete(javax.servlet.http.HttpServletRequest,javax.servlet.http.HttpServletResponse,java.lang.String)
2018-10-16 11:51:09.277  INFO 4500 --- [main] s.w.s.m.m.a.RequestMappingHandlerMapping : Mapped "{[/api/user/test],methods=[GET]}" onto public java.lang.String com.fabe2ry.controller.UserController.test() throws java.lang.Throwable
2018-10-16 11:51:09.277  INFO 4500 --- [main] s.w.s.m.m.a.RequestMappingHandlerMapping : Mapped "{[/api/user/importGoodsExcelWithDirectReturn],methods=[POST]}" onto public com.fabe2ry.model.util.ListVo com.fabe2ry.controller.UserController.importGoodsExcelWithDirectReturn(javax.servlet.http.HttpServletRequest,javax.servlet.http.HttpServletResponse)
2018-10-16 11:51:09.278  INFO 4500 --- [main] s.w.s.m.m.a.RequestMappingHandlerMapping : Mapped "{[/api/user/importGoodsExcelWithReturn],methods=[POST]}" onto public com.fabe2ry.model.util.ListVo com.fabe2ry.controller.UserController.importGoodsExcelWithReturn(javax.servlet.http.HttpServletRequest,javax.servlet.http.HttpServletResponse)
2018-10-16 11:51:09.278  INFO 4500 --- [main] s.w.s.m.m.a.RequestMappingHandlerMapping : Mapped "{[/api/user/getUsers/{pageIndex}/{pageSize}],methods=[GET]}" onto public com.fabe2ry.model.util.ListVo com.fabe2ry.controller.UserController.getUsers(javax.servlet.http.HttpServletRequest,javax.servlet.http.HttpServletResponse,int,int)
2018-10-16 11:51:09.279  INFO 4500 --- [main] s.w.s.m.m.a.RequestMappingHandlerMapping : Mapped "{[/api/user/getLogs/{pageIndex}/{pageSize}],methods=[GET]}" onto public com.fabe2ry.model.util.ListVo com.fabe2ry.controller.UserController.getAllLog(javax.servlet.http.HttpServletRequest,javax.servlet.http.HttpServletResponse,int,int)
2018-10-16 11:51:09.279  INFO 4500 --- [main] s.w.s.m.m.a.RequestMappingHandlerMapping : Mapped "{[/api/user/logout],methods=[GET]}" onto public com.fabe2ry.model.util.ResultVo com.fabe2ry.controller.UserController.logout(javax.servlet.http.HttpServletRequest,javax.servlet.http.HttpServletResponse)
2018-10-16 11:51:09.279  INFO 4500 --- [main] s.w.s.m.m.a.RequestMappingHandlerMapping : Mapped "{[/api/user/getTestExcel],methods=[GET]}" onto public void com.fabe2ry.controller.UserController.getTestExcel(javax.servlet.http.HttpServletRequest,javax.servlet.http.HttpServletResponse)
2018-10-16 11:51:09.280  INFO 4500 --- [main] s.w.s.m.m.a.RequestMappingHandlerMapping : Mapped "{[/api/user/login],methods=[POST]}" onto public com.fabe2ry.model.util.ResultVo com.fabe2ry.controller.UserController.login(javax.servlet.http.HttpServletRequest,javax.servlet.http.HttpServletResponse,java.lang.String,java.lang.String)
2018-10-16 11:51:09.280  INFO 4500 --- [main] s.w.s.m.m.a.RequestMappingHandlerMapping : Mapped "{[/api/user/getGoods/{pageIndex}/{pageSize}],methods=[GET]}" onto public com.fabe2ry.model.util.ListVo com.fabe2ry.controller.UserController.getAllGoods(javax.servlet.http.HttpServletRequest,javax.servlet.http.HttpServletResponse,int,int)
2018-10-16 11:51:09.281  INFO 4500 --- [main] s.w.s.m.m.a.RequestMappingHandlerMapping : Mapped "{[/api/user/imgDownload],methods=[GET]}" onto public com.fabe2ry.model.util.ResultVo com.fabe2ry.controller.UserController.imgDownload(javax.servlet.http.HttpServletRequest,javax.servlet.http.HttpServletResponse)
2018-10-16 11:51:09.281  INFO 4500 --- [main] s.w.s.m.m.a.RequestMappingHandlerMapping : Mapped "{[/api/user/imgShow],methods=[GET]}" onto public com.fabe2ry.model.util.ResultVo com.fabe2ry.controller.UserController.imgShow(javax.servlet.http.HttpServletRequest,javax.servlet.http.HttpServletResponse)
2018-10-16 11:51:09.281  INFO 4500 --- [main] s.w.s.m.m.a.RequestMappingHandlerMapping : Mapped "{[/api/user/imgUplaod],methods=[POST]}" onto public com.fabe2ry.model.util.ResultVo com.fabe2ry.controller.UserController.imgUpload(javax.servlet.http.HttpServletRequest,javax.servlet.http.HttpServletResponse,org.springframework.web.multipart.MultipartFile)
2018-10-16 11:51:09.284  INFO 4500 --- [main] s.w.s.m.m.a.RequestMappingHandlerMapping : Mapped "{[/api/user/exportGoodsExcel],methods=[GET]}" onto public void com.fabe2ry.controller.UserController.exportGoodsExcel(javax.servlet.http.HttpServletRequest,javax.servlet.http.HttpServletResponse)
2018-10-16 11:51:09.289  INFO 4500 --- [main] s.w.s.m.m.a.RequestMappingHandlerMapping : Mapped "{[/swagger-resources/configuration/security]}" onto public org.springframework.http.ResponseEntity<springfox.documentation.swagger.web.SecurityConfiguration> springfox.documentation.swagger.web.ApiResourceController.securityConfiguration()
2018-10-16 11:51:09.290  INFO 4500 --- [main] s.w.s.m.m.a.RequestMappingHandlerMapping : Mapped "{[/swagger-resources]}" onto public org.springframework.http.ResponseEntity<java.util.List<springfox.documentation.swagger.web.SwaggerResource>> springfox.documentation.swagger.web.ApiResourceController.swaggerResources()
2018-10-16 11:51:09.291  INFO 4500 --- [main] s.w.s.m.m.a.RequestMappingHandlerMapping : Mapped "{[/swagger-resources/configuration/ui]}" onto public org.springframework.http.ResponseEntity<springfox.documentation.swagger.web.UiConfiguration> springfox.documentation.swagger.web.ApiResourceController.uiConfiguration()
2018-10-16 11:51:09.294  INFO 4500 --- [main] s.w.s.m.m.a.RequestMappingHandlerMapping : Mapped "{[/error]}" onto public org.springframework.http.ResponseEntity<java.util.Map<java.lang.String, java.lang.Object>> org.springframework.boot.autoconfigure.web.servlet.error.BasicErrorController.error(javax.servlet.http.HttpServletRequest)
2018-10-16 11:51:09.295  INFO 4500 --- [main] s.w.s.m.m.a.RequestMappingHandlerMapping : Mapped "{[/error],produces=[text/html]}" onto public org.springframework.web.servlet.ModelAndView org.springframework.boot.autoconfigure.web.servlet.error.BasicErrorController.errorHtml(javax.servlet.http.HttpServletRequest,javax.servlet.http.HttpServletResponse)
2018-10-16 11:51:09.645  INFO 4500 --- [main] pertySourcedRequestMappingHandlerMapping : Mapped URL path [/v2/api-docs] onto method [public org.springframework.http.ResponseEntity<springfox.documentation.spring.web.json.Json> springfox.documentation.swagger2.web.Swagger2Controller.getDocumentation(java.lang.String,javax.servlet.http.HttpServletRequest)]
2018-10-16 11:51:09.939  INFO 4500 --- [main] o.s.w.s.handler.SimpleUrlHandlerMapping  : Mapped URL path [/**/favicon.ico] onto handler of type [class org.springframework.web.servlet.resource.ResourceHttpRequestHandler]
2018-10-16 11:51:10.187  INFO 4500 --- [main] s.w.s.m.m.a.RequestMappingHandlerAdapter : Looking for @ControllerAdvice: org.springframework.boot.web.servlet.context.AnnotationConfigServletWebServerApplicationContext@496bc455: startup date [Tue Oct 16 11:51:02 CST 2018]; root of context hierarchy
2018-10-16 11:51:10.263  INFO 4500 --- [main] o.s.w.s.handler.SimpleUrlHandlerMapping  : Mapped URL path [/webjars/**] onto handler of type [class org.springframework.web.servlet.resource.ResourceHttpRequestHandler]
2018-10-16 11:51:10.263  INFO 4500 --- [main] o.s.w.s.handler.SimpleUrlHandlerMapping  : Mapped URL path [/**] onto handler of type [class org.springframework.web.servlet.resource.ResourceHttpRequestHandler]
2018-10-16 11:51:10.680  INFO 4500 --- [main] o.s.j.e.a.AnnotationMBeanExporter        : Registering beans for JMX exposure on startup
2018-10-16 11:51:10.684  INFO 4500 --- [main] o.s.j.e.a.AnnotationMBeanExporter        : Bean with name 'dataSource' has been autodetected for JMX exposure
2018-10-16 11:51:10.698  INFO 4500 --- [main] o.s.j.e.a.AnnotationMBeanExporter        : Located MBean 'dataSource': registering with JMX server as MBean [com.zaxxer.hikari:name=dataSource,type=HikariDataSource]
2018-10-16 11:51:10.706  INFO 4500 --- [main] o.s.c.support.DefaultLifecycleProcessor  : Starting beans in phase 2147483647
2018-10-16 11:51:10.707  INFO 4500 --- [main] d.s.w.p.DocumentationPluginsBootstrapper : Context refreshed
2018-10-16 11:51:10.740  INFO 4500 --- [main] d.s.w.p.DocumentationPluginsBootstrapper : Found 1 custom documentation plugin(s)
2018-10-16 11:51:10.789  INFO 4500 --- [main] s.d.s.w.s.ApiListingReferenceScanner     : Scanning for api listing references
2018-10-16 11:51:11.066  INFO 4500 --- [main] s.a.ScheduledAnnotationBeanPostProcessor : No TaskScheduler/ScheduledExecutorService bean found for scheduled processing
2018-10-16 11:51:11.073  INFO 4500 --- [pool-1-thread-1] c.f.schedule.DeleteExcelScheduleTask     : start delete excel file
2018-10-16 11:51:11.115  INFO 4500 --- [main] o.s.b.w.embedded.tomcat.TomcatWebServer  : Tomcat started on port(s): 8080 (http) with context path ''
2018-10-16 11:51:11.121  INFO 4500 --- [main] com.fabe2ry.CollectionApplication        : Started CollectionApplication in 9.431 seconds (JVM running for 10.406)
2018-10-16 11:53:14.364  INFO 4500 --- [http-nio-8080-exec-1] o.a.c.c.C.[Tomcat].[localhost].[/]       : Initializing Spring FrameworkServlet 'dispatcherServlet'
2018-10-16 11:53:14.365  INFO 4500 --- [http-nio-8080-exec-1] o.s.web.servlet.DispatcherServlet        : FrameworkServlet 'dispatcherServlet': initialization started
2018-10-16 11:53:14.417  INFO 4500 --- [http-nio-8080-exec-1] o.s.web.servlet.DispatcherServlet        : FrameworkServlet 'dispatcherServlet': initialization completed in 52 ms
2018-10-16 11:56:11.074  INFO 4500 --- [pool-1-thread-1] c.f.schedule.DeleteExcelScheduleTask     : start delete excel file
2018-10-16 12:01:11.074  INFO 4500 --- [pool-1-thread-1] c.f.schedule.DeleteExcelScheduleTask     : start delete excel file
2018-10-16 12:06:11.073  INFO 4500 --- [pool-1-thread-1] c.f.schedule.DeleteExcelScheduleTask     : start delete excel file
2018-10-16 12:11:11.074  INFO 4500 --- [pool-1-thread-1] c.f.schedule.DeleteExcelScheduleTask     : start delete excel file
2018-10-16 12:16:11.073  INFO 4500 --- [pool-1-thread-1] c.f.schedule.DeleteExcelScheduleTask     : start delete excel file
2018-10-16 12:21:11.075  INFO 4500 --- [pool-1-thread-1] c.f.schedule.DeleteExcelScheduleTask     : start delete excel file
2018-10-16 12:26:11.074  INFO 4500 --- [pool-1-thread-1] c.f.schedule.DeleteExcelScheduleTask     : start delete excel file
2018-10-16 12:31:11.078  INFO 4500 --- [pool-1-thread-1] c.f.schedule.DeleteExcelScheduleTask     : start delete excel file
2018-10-16 12:36:11.086  INFO 4500 --- [pool-1-thread-1] c.f.schedule.DeleteExcelScheduleTask     : start delete excel file
2018-10-16 12:41:11.089  INFO 4500 --- [pool-1-thread-1] c.f.schedule.DeleteExcelScheduleTask     : start delete excel file
2018-10-16 12:46:11.093  INFO 4500 --- [pool-1-thread-1] c.f.schedule.DeleteExcelScheduleTask     : start delete excel file
2018-10-16 12:51:11.095  INFO 4500 --- [pool-1-thread-1] c.f.schedule.DeleteExcelScheduleTask     : start delete excel file
2018-10-16 12:56:11.097  INFO 4500 --- [pool-1-thread-1] c.f.schedule.DeleteExcelScheduleTask     : start delete excel file
2018-10-16 13:01:11.098  INFO 4500 --- [pool-1-thread-1] c.f.schedule.DeleteExcelScheduleTask     : start delete excel file
2018-10-16 13:06:11.103  INFO 4500 --- [pool-1-thread-1] c.f.schedule.DeleteExcelScheduleTask     : start delete excel file
2018-10-16 13:11:11.106  INFO 4500 --- [pool-1-thread-1] c.f.schedule.DeleteExcelScheduleTask     : start delete excel file
2018-10-16 13:16:11.108  INFO 4500 --- [pool-1-thread-1] c.f.schedule.DeleteExcelScheduleTask     : start delete excel file
2018-10-16 13:21:11.109  INFO 4500 --- [pool-1-thread-1] c.f.schedule.DeleteExcelScheduleTask     : start delete excel file
2018-10-16 13:26:11.110  INFO 4500 --- [pool-1-thread-1] c.f.schedule.DeleteExcelScheduleTask     : start delete excel file
2018-10-16 13:31:11.112  INFO 4500 --- [pool-1-thread-1] c.f.schedule.DeleteExcelScheduleTask     : start delete excel file
2018-10-16 13:36:11.112  INFO 4500 --- [pool-1-thread-1] c.f.schedule.DeleteExcelScheduleTask     : start delete excel file
2018-10-16 13:41:11.121  INFO 4500 --- [pool-1-thread-1] c.f.schedule.DeleteExcelScheduleTask     : start delete excel file
2018-10-16 13:46:11.128  INFO 4500 --- [pool-1-thread-1] c.f.schedule.DeleteExcelScheduleTask     : start delete excel file
2018-10-16 13:51:11.133  INFO 4500 --- [pool-1-thread-1] c.f.schedule.DeleteExcelScheduleTask     : start delete excel file
