2018-10-10 10:48:22.436  INFO 5148 --- [main] com.fabe2ry.CollectionApplication        : Starting CollectionApplication v0.0.1-SNAPSHOT on X-CDN-XIAOXQ with PID 5148 (D:\collection\sample\target\sample-0.0.1-SNAPSHOT.jar started by xiaoxq in D:\collection\sample\target)
2018-10-10 10:48:22.436  INFO 5148 --- [main] com.fabe2ry.CollectionApplication        : The following profiles are active: dev
2018-10-10 10:48:22.530  INFO 5148 --- [main] ConfigServletWebServerApplicationContext : Refreshing org.springframework.boot.web.servlet.context.AnnotationConfigServletWebServerApplicationContext@18ef96: startup date [Wed Oct 10 10:48:22 CST 2018]; root of context hierarchy
2018-10-10 10:48:24.420  INFO 5148 --- [main] trationDelegate$BeanPostProcessorChecker : Bean 'org.springframework.transaction.annotation.ProxyTransactionManagementConfiguration' of type [org.springframework.transaction.annotation.ProxyTransactionManagementConfiguration$$EnhancerBySpringCGLIB$$d9f3dd5] is not eligible for getting processed by all BeanPostProcessors (for example: not eligible for auto-proxying)
2018-10-10 10:48:25.481  INFO 5148 --- [main] o.s.b.w.embedded.tomcat.TomcatWebServer  : Tomcat initialized with port(s): 8080 (http)
2018-10-10 10:48:25.653  INFO 5148 --- [main] o.apache.catalina.core.StandardService   : Starting service [Tomcat]
2018-10-10 10:48:25.653  INFO 5148 --- [main] org.apache.catalina.core.StandardEngine  : Starting Servlet Engine: Apache Tomcat/8.5.34
2018-10-10 10:48:25.669  INFO 5148 --- [localhost-startStop-1] o.a.catalina.core.AprLifecycleListener   : Loaded APR based Apache Tomcat Native library [1.2.17] using APR version [1.6.3].
2018-10-10 10:48:25.669  INFO 5148 --- [localhost-startStop-1] o.a.catalina.core.AprLifecycleListener   : APR capabilities: IPv6 [true], sendfile [true], accept filters [false], random [true].
2018-10-10 10:48:25.669  INFO 5148 --- [localhost-startStop-1] o.a.catalina.core.AprLifecycleListener   : APR/OpenSSL configuration: useAprConnector [false], useOpenSSL [true]
2018-10-10 10:48:26.700  INFO 5148 --- [localhost-startStop-1] o.a.catalina.core.AprLifecycleListener   : OpenSSL successfully initialized [OpenSSL 1.0.2o  27 Mar 2018]
2018-10-10 10:48:26.841  INFO 5148 --- [localhost-startStop-1] o.a.c.c.C.[Tomcat].[localhost].[/]       : Initializing Spring embedded WebApplicationContext
2018-10-10 10:48:26.841  INFO 5148 --- [localhost-startStop-1] o.s.web.context.ContextLoader            : Root WebApplicationContext: initialization completed in 4311 ms
2018-10-10 10:48:26.966  INFO 5148 --- [localhost-startStop-1] o.s.b.w.servlet.ServletRegistrationBean  : Servlet dispatcherServlet mapped to [/]
2018-10-10 10:48:26.976  INFO 5148 --- [localhost-startStop-1] o.s.b.w.servlet.FilterRegistrationBean   : Mapping filter: 'characterEncodingFilter' to: [/*]
2018-10-10 10:48:26.977  INFO 5148 --- [localhost-startStop-1] o.s.b.w.servlet.FilterRegistrationBean   : Mapping filter: 'hiddenHttpMethodFilter' to: [/*]
2018-10-10 10:48:26.977  INFO 5148 --- [localhost-startStop-1] o.s.b.w.servlet.FilterRegistrationBean   : Mapping filter: 'httpPutFormContentFilter' to: [/*]
2018-10-10 10:48:26.977  INFO 5148 --- [localhost-startStop-1] o.s.b.w.servlet.FilterRegistrationBean   : Mapping filter: 'requestContextFilter' to: [/*]
2018-10-10 10:48:28.184  INFO 5148 --- [main] s.w.s.m.m.a.RequestMappingHandlerMapping : Mapped "{[/api/user/add],methods=[POST]}" onto public com.fabe2ry.model.util.ResultVo com.fabe2ry.controller.UserController.add(javax.servlet.http.HttpServletRequest,javax.servlet.http.HttpServletResponse,java.lang.String,java.lang.String,java.lang.String,int)
2018-10-10 10:48:28.184  INFO 5148 --- [main] s.w.s.m.m.a.RequestMappingHandlerMapping : Mapped "{[/api/user/register],methods=[POST]}" onto public com.fabe2ry.model.util.ResultVo com.fabe2ry.controller.UserController.register(java.lang.String,java.lang.String,java.lang.String)
2018-10-10 10:48:28.184  INFO 5148 --- [main] s.w.s.m.m.a.RequestMappingHandlerMapping : Mapped "{[/api/user/update],methods=[POST]}" onto public com.fabe2ry.model.util.ResultVo com.fabe2ry.controller.UserController.update(javax.servlet.http.HttpServletRequest,javax.servlet.http.HttpServletResponse,java.lang.String,java.lang.String,java.lang.String)
2018-10-10 10:48:28.184  INFO 5148 --- [main] s.w.s.m.m.a.RequestMappingHandlerMapping : Mapped "{[/api/user/delete],methods=[POST]}" onto public com.fabe2ry.model.util.ResultVo com.fabe2ry.controller.UserController.delete(javax.servlet.http.HttpServletRequest,javax.servlet.http.HttpServletResponse,java.lang.String)
2018-10-10 10:48:28.184  INFO 5148 --- [main] s.w.s.m.m.a.RequestMappingHandlerMapping : Mapped "{[/api/user/test],methods=[GET]}" onto public java.lang.String com.fabe2ry.controller.UserController.test() throws java.lang.Throwable
2018-10-10 10:48:28.184  INFO 5148 --- [main] s.w.s.m.m.a.RequestMappingHandlerMapping : Mapped "{[/api/user/importGoodsExcel],methods=[POST]}" onto public void com.fabe2ry.controller.UserController.importGoodsExcel(javax.servlet.http.HttpServletRequest,javax.servlet.http.HttpServletResponse)
2018-10-10 10:48:28.184  INFO 5148 --- [main] s.w.s.m.m.a.RequestMappingHandlerMapping : Mapped "{[/api/user/login],methods=[POST]}" onto public com.fabe2ry.model.util.ResultVo com.fabe2ry.controller.UserController.login(javax.servlet.http.HttpServletRequest,javax.servlet.http.HttpServletResponse,java.lang.String,java.lang.String)
2018-10-10 10:48:28.184  INFO 5148 --- [main] s.w.s.m.m.a.RequestMappingHandlerMapping : Mapped "{[/api/user/logout],methods=[GET]}" onto public com.fabe2ry.model.util.ResultVo com.fabe2ry.controller.UserController.logout(javax.servlet.http.HttpServletRequest,javax.servlet.http.HttpServletResponse)
2018-10-10 10:48:28.184  INFO 5148 --- [main] s.w.s.m.m.a.RequestMappingHandlerMapping : Mapped "{[/api/user/getUsers/{pageIndex}/{pageSize}],methods=[GET]}" onto public com.fabe2ry.model.util.ListVo com.fabe2ry.controller.UserController.getUsers(javax.servlet.http.HttpServletRequest,javax.servlet.http.HttpServletResponse,int,int)
2018-10-10 10:48:28.184  INFO 5148 --- [main] s.w.s.m.m.a.RequestMappingHandlerMapping : Mapped "{[/api/user/getLogs/{pageIndex}/{pageSize}],methods=[GET]}" onto public com.fabe2ry.model.util.ListVo com.fabe2ry.controller.UserController.getAllLog(javax.servlet.http.HttpServletRequest,javax.servlet.http.HttpServletResponse,int,int)
2018-10-10 10:48:28.184  INFO 5148 --- [main] s.w.s.m.m.a.RequestMappingHandlerMapping : Mapped "{[/api/user/getTestExcel],methods=[GET]}" onto public void com.fabe2ry.controller.UserController.getTestExcel(javax.servlet.http.HttpServletRequest,javax.servlet.http.HttpServletResponse)
2018-10-10 10:48:28.184  INFO 5148 --- [main] s.w.s.m.m.a.RequestMappingHandlerMapping : Mapped "{[/api/user/getGoods/{pageIndex}/{pageSize}],methods=[GET]}" onto public com.fabe2ry.model.util.ListVo com.fabe2ry.controller.UserController.getAllGoods(javax.servlet.http.HttpServletRequest,javax.servlet.http.HttpServletResponse,int,int)
2018-10-10 10:48:28.184  INFO 5148 --- [main] s.w.s.m.m.a.RequestMappingHandlerMapping : Mapped "{[/api/user/exportGoodsExcel],methods=[GET]}" onto public void com.fabe2ry.controller.UserController.exportGoodsExcel(javax.servlet.http.HttpServletRequest,javax.servlet.http.HttpServletResponse)
2018-10-10 10:48:28.200  INFO 5148 --- [main] s.w.s.m.m.a.RequestMappingHandlerMapping : Mapped "{[/swagger-resources/configuration/security]}" onto public org.springframework.http.ResponseEntity<springfox.documentation.swagger.web.SecurityConfiguration> springfox.documentation.swagger.web.ApiResourceController.securityConfiguration()
2018-10-10 10:48:28.200  INFO 5148 --- [main] s.w.s.m.m.a.RequestMappingHandlerMapping : Mapped "{[/swagger-resources/configuration/ui]}" onto public org.springframework.http.ResponseEntity<springfox.documentation.swagger.web.UiConfiguration> springfox.documentation.swagger.web.ApiResourceController.uiConfiguration()
2018-10-10 10:48:28.200  INFO 5148 --- [main] s.w.s.m.m.a.RequestMappingHandlerMapping : Mapped "{[/swagger-resources]}" onto public org.springframework.http.ResponseEntity<java.util.List<springfox.documentation.swagger.web.SwaggerResource>> springfox.documentation.swagger.web.ApiResourceController.swaggerResources()
2018-10-10 10:48:28.200  INFO 5148 --- [main] s.w.s.m.m.a.RequestMappingHandlerMapping : Mapped "{[/error]}" onto public org.springframework.http.ResponseEntity<java.util.Map<java.lang.String, java.lang.Object>> org.springframework.boot.autoconfigure.web.servlet.error.BasicErrorController.error(javax.servlet.http.HttpServletRequest)
2018-10-10 10:48:28.200  INFO 5148 --- [main] s.w.s.m.m.a.RequestMappingHandlerMapping : Mapped "{[/error],produces=[text/html]}" onto public org.springframework.web.servlet.ModelAndView org.springframework.boot.autoconfigure.web.servlet.error.BasicErrorController.errorHtml(javax.servlet.http.HttpServletRequest,javax.servlet.http.HttpServletResponse)
2018-10-10 10:48:28.450  INFO 5148 --- [main] pertySourcedRequestMappingHandlerMapping : Mapped URL path [/v2/api-docs] onto method [public org.springframework.http.ResponseEntity<springfox.documentation.spring.web.json.Json> springfox.documentation.swagger2.web.Swagger2Controller.getDocumentation(java.lang.String,javax.servlet.http.HttpServletRequest)]
2018-10-10 10:48:28.575  INFO 5148 --- [main] o.s.w.s.handler.SimpleUrlHandlerMapping  : Mapped URL path [/**/favicon.ico] onto handler of type [class org.springframework.web.servlet.resource.ResourceHttpRequestHandler]
2018-10-10 10:48:28.809  INFO 5148 --- [main] s.w.s.m.m.a.RequestMappingHandlerAdapter : Looking for @ControllerAdvice: org.springframework.boot.web.servlet.context.AnnotationConfigServletWebServerApplicationContext@18ef96: startup date [Wed Oct 10 10:48:22 CST 2018]; root of context hierarchy
2018-10-10 10:48:28.887  INFO 5148 --- [main] o.s.w.s.handler.SimpleUrlHandlerMapping  : Mapped URL path [/webjars/**] onto handler of type [class org.springframework.web.servlet.resource.ResourceHttpRequestHandler]
2018-10-10 10:48:28.887  INFO 5148 --- [main] o.s.w.s.handler.SimpleUrlHandlerMapping  : Mapped URL path [/**] onto handler of type [class org.springframework.web.servlet.resource.ResourceHttpRequestHandler]
2018-10-10 10:48:28.982  INFO 5148 --- [main] o.s.b.a.w.s.WelcomePageHandlerMapping    : Adding welcome page: class path resource [static/index.html]
2018-10-10 10:48:29.515  INFO 5148 --- [main] o.s.j.e.a.AnnotationMBeanExporter        : Registering beans for JMX exposure on startup
2018-10-10 10:48:29.518  INFO 5148 --- [main] o.s.j.e.a.AnnotationMBeanExporter        : Bean with name 'dataSource' has been autodetected for JMX exposure
2018-10-10 10:48:29.528  INFO 5148 --- [main] o.s.j.e.a.AnnotationMBeanExporter        : Located MBean 'dataSource': registering with JMX server as MBean [com.zaxxer.hikari:name=dataSource,type=HikariDataSource]
2018-10-10 10:48:29.537  INFO 5148 --- [main] o.s.c.support.DefaultLifecycleProcessor  : Starting beans in phase 2147483647
2018-10-10 10:48:29.538  INFO 5148 --- [main] d.s.w.p.DocumentationPluginsBootstrapper : Context refreshed
2018-10-10 10:48:29.598  INFO 5148 --- [main] d.s.w.p.DocumentationPluginsBootstrapper : Found 1 custom documentation plugin(s)
2018-10-10 10:48:29.638  INFO 5148 --- [main] s.d.s.w.s.ApiListingReferenceScanner     : Scanning for api listing references
2018-10-10 10:48:29.920  INFO 5148 --- [main] o.s.b.w.embedded.tomcat.TomcatWebServer  : Tomcat started on port(s): 8080 (http) with context path ''
2018-10-10 10:48:29.935  INFO 5148 --- [main] com.fabe2ry.CollectionApplication        : Started CollectionApplication in 8.197 seconds (JVM running for 9.052)
2018-10-10 10:48:34.196  INFO 9704 --- [main] com.fabe2ry.CollectionApplication        : Starting CollectionApplication v0.0.1-SNAPSHOT on X-CDN-XIAOXQ with PID 9704 (D:\collection\sample\target\sample-0.0.1-SNAPSHOT.jar started by xiaoxq in D:\collection\sample\target)
2018-10-10 10:48:34.200  INFO 9704 --- [main] com.fabe2ry.CollectionApplication        : The following profiles are active: dev
2018-10-10 10:48:34.292  INFO 9704 --- [main] ConfigServletWebServerApplicationContext : Refreshing org.springframework.boot.web.servlet.context.AnnotationConfigServletWebServerApplicationContext@18ef96: startup date [Wed Oct 10 10:48:34 CST 2018]; root of context hierarchy
2018-10-10 10:48:37.170  INFO 9704 --- [main] trationDelegate$BeanPostProcessorChecker : Bean 'org.springframework.transaction.annotation.ProxyTransactionManagementConfiguration' of type [org.springframework.transaction.annotation.ProxyTransactionManagementConfiguration$$EnhancerBySpringCGLIB$$f33c6d0d] is not eligible for getting processed by all BeanPostProcessors (for example: not eligible for auto-proxying)
2018-10-10 10:48:38.733  INFO 9704 --- [main] o.s.b.w.embedded.tomcat.TomcatWebServer  : Tomcat initialized with port(s): 8080 (http)
2018-10-10 10:48:38.905  INFO 9704 --- [main] o.apache.catalina.core.StandardService   : Starting service [Tomcat]
2018-10-10 10:48:38.905  INFO 9704 --- [main] org.apache.catalina.core.StandardEngine  : Starting Servlet Engine: Apache Tomcat/8.5.34
2018-10-10 10:48:38.920  INFO 9704 --- [localhost-startStop-1] o.a.catalina.core.AprLifecycleListener   : Loaded APR based Apache Tomcat Native library [1.2.17] using APR version [1.6.3].
2018-10-10 10:48:38.920  INFO 9704 --- [localhost-startStop-1] o.a.catalina.core.AprLifecycleListener   : APR capabilities: IPv6 [true], sendfile [true], accept filters [false], random [true].
2018-10-10 10:48:38.920  INFO 9704 --- [localhost-startStop-1] o.a.catalina.core.AprLifecycleListener   : APR/OpenSSL configuration: useAprConnector [false], useOpenSSL [true]
2018-10-10 10:48:39.975  INFO 9704 --- [localhost-startStop-1] o.a.catalina.core.AprLifecycleListener   : OpenSSL successfully initialized [OpenSSL 1.0.2o  27 Mar 2018]
2018-10-10 10:48:40.090  INFO 9704 --- [localhost-startStop-1] o.a.c.c.C.[Tomcat].[localhost].[/]       : Initializing Spring embedded WebApplicationContext
2018-10-10 10:48:40.090  INFO 9704 --- [localhost-startStop-1] o.s.web.context.ContextLoader            : Root WebApplicationContext: initialization completed in 5799 ms
2018-10-10 10:48:40.202  INFO 9704 --- [localhost-startStop-1] o.s.b.w.servlet.ServletRegistrationBean  : Servlet dispatcherServlet mapped to [/]
2018-10-10 10:48:40.202  INFO 9704 --- [localhost-startStop-1] o.s.b.w.servlet.FilterRegistrationBean   : Mapping filter: 'characterEncodingFilter' to: [/*]
2018-10-10 10:48:40.202  INFO 9704 --- [localhost-startStop-1] o.s.b.w.servlet.FilterRegistrationBean   : Mapping filter: 'hiddenHttpMethodFilter' to: [/*]
2018-10-10 10:48:40.202  INFO 9704 --- [localhost-startStop-1] o.s.b.w.servlet.FilterRegistrationBean   : Mapping filter: 'httpPutFormContentFilter' to: [/*]
2018-10-10 10:48:40.202  INFO 9704 --- [localhost-startStop-1] o.s.b.w.servlet.FilterRegistrationBean   : Mapping filter: 'requestContextFilter' to: [/*]
2018-10-10 10:48:41.422  INFO 9704 --- [main] s.w.s.m.m.a.RequestMappingHandlerMapping : Mapped "{[/api/user/add],methods=[POST]}" onto public com.fabe2ry.model.util.ResultVo com.fabe2ry.controller.UserController.add(javax.servlet.http.HttpServletRequest,javax.servlet.http.HttpServletResponse,java.lang.String,java.lang.String,java.lang.String,int)
2018-10-10 10:48:41.422  INFO 9704 --- [main] s.w.s.m.m.a.RequestMappingHandlerMapping : Mapped "{[/api/user/register],methods=[POST]}" onto public com.fabe2ry.model.util.ResultVo com.fabe2ry.controller.UserController.register(java.lang.String,java.lang.String,java.lang.String)
2018-10-10 10:48:41.437  INFO 9704 --- [main] s.w.s.m.m.a.RequestMappingHandlerMapping : Mapped "{[/api/user/update],methods=[POST]}" onto public com.fabe2ry.model.util.ResultVo com.fabe2ry.controller.UserController.update(javax.servlet.http.HttpServletRequest,javax.servlet.http.HttpServletResponse,java.lang.String,java.lang.String,java.lang.String)
2018-10-10 10:48:41.437  INFO 9704 --- [main] s.w.s.m.m.a.RequestMappingHandlerMapping : Mapped "{[/api/user/delete],methods=[POST]}" onto public com.fabe2ry.model.util.ResultVo com.fabe2ry.controller.UserController.delete(javax.servlet.http.HttpServletRequest,javax.servlet.http.HttpServletResponse,java.lang.String)
2018-10-10 10:48:41.437  INFO 9704 --- [main] s.w.s.m.m.a.RequestMappingHandlerMapping : Mapped "{[/api/user/test],methods=[GET]}" onto public java.lang.String com.fabe2ry.controller.UserController.test() throws java.lang.Throwable
2018-10-10 10:48:41.437  INFO 9704 --- [main] s.w.s.m.m.a.RequestMappingHandlerMapping : Mapped "{[/api/user/getTestExcel],methods=[GET]}" onto public void com.fabe2ry.controller.UserController.getTestExcel(javax.servlet.http.HttpServletRequest,javax.servlet.http.HttpServletResponse)
2018-10-10 10:48:41.437  INFO 9704 --- [main] s.w.s.m.m.a.RequestMappingHandlerMapping : Mapped "{[/api/user/getGoods/{pageIndex}/{pageSize}],methods=[GET]}" onto public com.fabe2ry.model.util.ListVo com.fabe2ry.controller.UserController.getAllGoods(javax.servlet.http.HttpServletRequest,javax.servlet.http.HttpServletResponse,int,int)
2018-10-10 10:48:41.437  INFO 9704 --- [main] s.w.s.m.m.a.RequestMappingHandlerMapping : Mapped "{[/api/user/exportGoodsExcel],methods=[GET]}" onto public void com.fabe2ry.controller.UserController.exportGoodsExcel(javax.servlet.http.HttpServletRequest,javax.servlet.http.HttpServletResponse)
2018-10-10 10:48:41.437  INFO 9704 --- [main] s.w.s.m.m.a.RequestMappingHandlerMapping : Mapped "{[/api/user/importGoodsExcel],methods=[POST]}" onto public void com.fabe2ry.controller.UserController.importGoodsExcel(javax.servlet.http.HttpServletRequest,javax.servlet.http.HttpServletResponse)
2018-10-10 10:48:41.437  INFO 9704 --- [main] s.w.s.m.m.a.RequestMappingHandlerMapping : Mapped "{[/api/user/getUsers/{pageIndex}/{pageSize}],methods=[GET]}" onto public com.fabe2ry.model.util.ListVo com.fabe2ry.controller.UserController.getUsers(javax.servlet.http.HttpServletRequest,javax.servlet.http.HttpServletResponse,int,int)
2018-10-10 10:48:41.437  INFO 9704 --- [main] s.w.s.m.m.a.RequestMappingHandlerMapping : Mapped "{[/api/user/logout],methods=[GET]}" onto public com.fabe2ry.model.util.ResultVo com.fabe2ry.controller.UserController.logout(javax.servlet.http.HttpServletRequest,javax.servlet.http.HttpServletResponse)
2018-10-10 10:48:41.437  INFO 9704 --- [main] s.w.s.m.m.a.RequestMappingHandlerMapping : Mapped "{[/api/user/login],methods=[POST]}" onto public com.fabe2ry.model.util.ResultVo com.fabe2ry.controller.UserController.login(javax.servlet.http.HttpServletRequest,javax.servlet.http.HttpServletResponse,java.lang.String,java.lang.String)
2018-10-10 10:48:41.437  INFO 9704 --- [main] s.w.s.m.m.a.RequestMappingHandlerMapping : Mapped "{[/api/user/getLogs/{pageIndex}/{pageSize}],methods=[GET]}" onto public com.fabe2ry.model.util.ListVo com.fabe2ry.controller.UserController.getAllLog(javax.servlet.http.HttpServletRequest,javax.servlet.http.HttpServletResponse,int,int)
2018-10-10 10:48:41.437  INFO 9704 --- [main] s.w.s.m.m.a.RequestMappingHandlerMapping : Mapped "{[/swagger-resources]}" onto public org.springframework.http.ResponseEntity<java.util.List<springfox.documentation.swagger.web.SwaggerResource>> springfox.documentation.swagger.web.ApiResourceController.swaggerResources()
2018-10-10 10:48:41.437  INFO 9704 --- [main] s.w.s.m.m.a.RequestMappingHandlerMapping : Mapped "{[/swagger-resources/configuration/ui]}" onto public org.springframework.http.ResponseEntity<springfox.documentation.swagger.web.UiConfiguration> springfox.documentation.swagger.web.ApiResourceController.uiConfiguration()
2018-10-10 10:48:41.437  INFO 9704 --- [main] s.w.s.m.m.a.RequestMappingHandlerMapping : Mapped "{[/swagger-resources/configuration/security]}" onto public org.springframework.http.ResponseEntity<springfox.documentation.swagger.web.SecurityConfiguration> springfox.documentation.swagger.web.ApiResourceController.securityConfiguration()
2018-10-10 10:48:41.453  INFO 9704 --- [main] s.w.s.m.m.a.RequestMappingHandlerMapping : Mapped "{[/error]}" onto public org.springframework.http.ResponseEntity<java.util.Map<java.lang.String, java.lang.Object>> org.springframework.boot.autoconfigure.web.servlet.error.BasicErrorController.error(javax.servlet.http.HttpServletRequest)
2018-10-10 10:48:41.453  INFO 9704 --- [main] s.w.s.m.m.a.RequestMappingHandlerMapping : Mapped "{[/error],produces=[text/html]}" onto public org.springframework.web.servlet.ModelAndView org.springframework.boot.autoconfigure.web.servlet.error.BasicErrorController.errorHtml(javax.servlet.http.HttpServletRequest,javax.servlet.http.HttpServletResponse)
2018-10-10 10:48:41.641  INFO 9704 --- [main] pertySourcedRequestMappingHandlerMapping : Mapped URL path [/v2/api-docs] onto method [public org.springframework.http.ResponseEntity<springfox.documentation.spring.web.json.Json> springfox.documentation.swagger2.web.Swagger2Controller.getDocumentation(java.lang.String,javax.servlet.http.HttpServletRequest)]
2018-10-10 10:48:41.797  INFO 9704 --- [main] o.s.w.s.handler.SimpleUrlHandlerMapping  : Mapped URL path [/**/favicon.ico] onto handler of type [class org.springframework.web.servlet.resource.ResourceHttpRequestHandler]
2018-10-10 10:48:42.045  INFO 9704 --- [main] s.w.s.m.m.a.RequestMappingHandlerAdapter : Looking for @ControllerAdvice: org.springframework.boot.web.servlet.context.AnnotationConfigServletWebServerApplicationContext@18ef96: startup date [Wed Oct 10 10:48:34 CST 2018]; root of context hierarchy
2018-10-10 10:48:42.165  INFO 9704 --- [main] o.s.w.s.handler.SimpleUrlHandlerMapping  : Mapped URL path [/webjars/**] onto handler of type [class org.springframework.web.servlet.resource.ResourceHttpRequestHandler]
2018-10-10 10:48:42.165  INFO 9704 --- [main] o.s.w.s.handler.SimpleUrlHandlerMapping  : Mapped URL path [/**] onto handler of type [class org.springframework.web.servlet.resource.ResourceHttpRequestHandler]
2018-10-10 10:48:42.233  INFO 9704 --- [main] o.s.b.a.w.s.WelcomePageHandlerMapping    : Adding welcome page: class path resource [static/index.html]
2018-10-10 10:48:42.592  INFO 9704 --- [main] o.s.j.e.a.AnnotationMBeanExporter        : Registering beans for JMX exposure on startup
2018-10-10 10:48:42.592  INFO 9704 --- [main] o.s.j.e.a.AnnotationMBeanExporter        : Bean with name 'dataSource' has been autodetected for JMX exposure
2018-10-10 10:48:42.608  INFO 9704 --- [main] o.s.j.e.a.AnnotationMBeanExporter        : Located MBean 'dataSource': registering with JMX server as MBean [com.zaxxer.hikari:name=dataSource,type=HikariDataSource]
2018-10-10 10:48:42.608  INFO 9704 --- [main] o.s.c.support.DefaultLifecycleProcessor  : Starting beans in phase 2147483647
2018-10-10 10:48:42.608  INFO 9704 --- [main] d.s.w.p.DocumentationPluginsBootstrapper : Context refreshed
2018-10-10 10:48:42.639  INFO 9704 --- [main] d.s.w.p.DocumentationPluginsBootstrapper : Found 1 custom documentation plugin(s)
2018-10-10 10:48:42.686  INFO 9704 --- [main] s.d.s.w.s.ApiListingReferenceScanner     : Scanning for api listing references
2018-10-10 10:48:43.014 ERROR 9704 --- [main] o.apache.catalina.core.StandardService   : Failed to start connector [Connector[HTTP/1.1-8080]]

org.apache.catalina.LifecycleException: Failed to start component [Connector[HTTP/1.1-8080]]
	at org.apache.catalina.util.LifecycleBase.start(LifecycleBase.java:167) ~[tomcat-embed-core-8.5.34.jar!/:8.5.34]
	at org.apache.catalina.core.StandardService.addConnector(StandardService.java:225) ~[tomcat-embed-core-8.5.34.jar!/:8.5.34]
	at org.springframework.boot.web.embedded.tomcat.TomcatWebServer.addPreviouslyRemovedConnectors(TomcatWebServer.java:256) [spring-boot-2.0.5.RELEASE.jar!/:2.0.5.RELEASE]
	at org.springframework.boot.web.embedded.tomcat.TomcatWebServer.start(TomcatWebServer.java:198) [spring-boot-2.0.5.RELEASE.jar!/:2.0.5.RELEASE]
	at org.springframework.boot.web.servlet.context.ServletWebServerApplicationContext.startWebServer(ServletWebServerApplicationContext.java:300) [spring-boot-2.0.5.RELEASE.jar!/:2.0.5.RELEASE]
	at org.springframework.boot.web.servlet.context.ServletWebServerApplicationContext.finishRefresh(ServletWebServerApplicationContext.java:162) [spring-boot-2.0.5.RELEASE.jar!/:2.0.5.RELEASE]
	at org.springframework.context.support.AbstractApplicationContext.refresh(AbstractApplicationContext.java:553) [spring-context-5.0.9.RELEASE.jar!/:5.0.9.RELEASE]
	at org.springframework.boot.web.servlet.context.ServletWebServerApplicationContext.refresh(ServletWebServerApplicationContext.java:140) [spring-boot-2.0.5.RELEASE.jar!/:2.0.5.RELEASE]
	at org.springframework.boot.SpringApplication.refresh(SpringApplication.java:780) [spring-boot-2.0.5.RELEASE.jar!/:2.0.5.RELEASE]
	at org.springframework.boot.SpringApplication.refreshContext(SpringApplication.java:412) [spring-boot-2.0.5.RELEASE.jar!/:2.0.5.RELEASE]
	at org.springframework.boot.SpringApplication.run(SpringApplication.java:333) [spring-boot-2.0.5.RELEASE.jar!/:2.0.5.RELEASE]
	at org.springframework.boot.SpringApplication.run(SpringApplication.java:1277) [spring-boot-2.0.5.RELEASE.jar!/:2.0.5.RELEASE]
	at org.springframework.boot.SpringApplication.run(SpringApplication.java:1265) [spring-boot-2.0.5.RELEASE.jar!/:2.0.5.RELEASE]
	at com.fabe2ry.CollectionApplication.main(CollectionApplication.java:12) [classes!/:0.0.1-SNAPSHOT]
	at sun.reflect.NativeMethodAccessorImpl.invoke0(Native Method) ~[na:1.8.0_181]
	at sun.reflect.NativeMethodAccessorImpl.invoke(Unknown Source) ~[na:1.8.0_181]
	at sun.reflect.DelegatingMethodAccessorImpl.invoke(Unknown Source) ~[na:1.8.0_181]
	at java.lang.reflect.Method.invoke(Unknown Source) ~[na:1.8.0_181]
	at org.springframework.boot.loader.MainMethodRunner.run(MainMethodRunner.java:48) [sample-0.0.1-SNAPSHOT.jar:0.0.1-SNAPSHOT]
	at org.springframework.boot.loader.Launcher.launch(Launcher.java:87) [sample-0.0.1-SNAPSHOT.jar:0.0.1-SNAPSHOT]
	at org.springframework.boot.loader.Launcher.launch(Launcher.java:50) [sample-0.0.1-SNAPSHOT.jar:0.0.1-SNAPSHOT]
	at org.springframework.boot.loader.JarLauncher.main(JarLauncher.java:51) [sample-0.0.1-SNAPSHOT.jar:0.0.1-SNAPSHOT]
Caused by: org.apache.catalina.LifecycleException: Protocol handler start failed
	at org.apache.catalina.connector.Connector.startInternal(Connector.java:1020) ~[tomcat-embed-core-8.5.34.jar!/:8.5.34]
	at org.apache.catalina.util.LifecycleBase.start(LifecycleBase.java:150) ~[tomcat-embed-core-8.5.34.jar!/:8.5.34]
	... 21 common frames omitted
Caused by: java.net.BindException: Address already in use: bind
	at sun.nio.ch.Net.bind0(Native Method) ~[na:1.8.0_181]
	at sun.nio.ch.Net.bind(Unknown Source) ~[na:1.8.0_181]
	at sun.nio.ch.Net.bind(Unknown Source) ~[na:1.8.0_181]
	at sun.nio.ch.ServerSocketChannelImpl.bind(Unknown Source) ~[na:1.8.0_181]
	at sun.nio.ch.ServerSocketAdaptor.bind(Unknown Source) ~[na:1.8.0_181]
	at org.apache.tomcat.util.net.NioEndpoint.bind(NioEndpoint.java:219) ~[tomcat-embed-core-8.5.34.jar!/:8.5.34]
	at org.apache.tomcat.util.net.AbstractEndpoint.start(AbstractEndpoint.java:1151) ~[tomcat-embed-core-8.5.34.jar!/:8.5.34]
	at org.apache.coyote.AbstractProtocol.start(AbstractProtocol.java:591) ~[tomcat-embed-core-8.5.34.jar!/:8.5.34]
	at org.apache.catalina.connector.Connector.startInternal(Connector.java:1018) ~[tomcat-embed-core-8.5.34.jar!/:8.5.34]
	... 22 common frames omitted

2018-10-10 10:48:43.014  INFO 9704 --- [main] o.apache.catalina.core.StandardService   : Stopping service [Tomcat]
2018-10-10 10:48:43.045  INFO 9704 --- [main] ConditionEvaluationReportLoggingListener : 

Error starting ApplicationContext. To display the conditions report re-run your application with 'debug' enabled.
2018-10-10 10:48:43.045 ERROR 9704 --- [main] o.s.b.d.LoggingFailureAnalysisReporter   : 

***************************
APPLICATION FAILED TO START
***************************

Description:

The Tomcat connector configured to listen on port 8080 failed to start. The port may already be in use or the connector may be misconfigured.

Action:

Verify the connector's configuration, identify and stop any process that's listening on port 8080, or configure this application to listen on another port.

2018-10-10 10:48:43.045  INFO 9704 --- [main] ConfigServletWebServerApplicationContext : Closing org.springframework.boot.web.servlet.context.AnnotationConfigServletWebServerApplicationContext@18ef96: startup date [Wed Oct 10 10:48:34 CST 2018]; root of context hierarchy
2018-10-10 10:48:43.045  INFO 9704 --- [main] o.s.c.support.DefaultLifecycleProcessor  : Stopping beans in phase 2147483647
2018-10-10 10:48:43.045  INFO 9704 --- [main] o.s.j.e.a.AnnotationMBeanExporter        : Unregistering JMX-exposed beans on shutdown
2018-10-10 10:48:43.045  INFO 9704 --- [main] o.s.j.e.a.AnnotationMBeanExporter        : Unregistering JMX-exposed beans
2018-10-10 11:03:35.488  INFO 5148 --- [Thread-3] ConfigServletWebServerApplicationContext : Closing org.springframework.boot.web.servlet.context.AnnotationConfigServletWebServerApplicationContext@18ef96: startup date [Wed Oct 10 10:48:22 CST 2018]; root of context hierarchy
2018-10-10 11:03:35.493  INFO 5148 --- [Thread-3] o.s.c.support.DefaultLifecycleProcessor  : Stopping beans in phase 2147483647
2018-10-10 11:03:35.494  INFO 5148 --- [Thread-3] o.s.j.e.a.AnnotationMBeanExporter        : Unregistering JMX-exposed beans on shutdown
2018-10-10 11:03:35.495  INFO 5148 --- [Thread-3] o.s.j.e.a.AnnotationMBeanExporter        : Unregistering JMX-exposed beans
